[SCRIPT] 1. Running LAMA translator
../assign_1/trnkato2_assign_1.pddl ../assign_1/problem2.pddl
Parsing... [0.010s CPU, 0.057s wall-clock]
Instantiating...
Normalizing task... [0.000s CPU, 0.000s wall-clock]
Generating Datalog program... [0.000s CPU, 0.001s wall-clock]
Normalizing Datalog program...
Normalizing Datalog program: [0.000s CPU, 0.058s wall-clock]
Preparing model... [0.000s CPU, 0.001s wall-clock]
Generated 47 rules.
Computing model... [0.130s CPU, 0.143s wall-clock]
5505 relevant atoms
2128 auxiliary atoms
7633 final queue length
16641 total queue pushes
Completing instantiation... [0.490s CPU, 0.499s wall-clock]
Instantiating: [0.630s CPU, 0.706s wall-clock]
Computing fact groups...
Finding invariants... 11 initial candidates
[0.000s CPU, 0.000s wall-clock]
Checking invariant weight... [0.000s CPU, 0.000s wall-clock]
Instantiating groups... [0.000s CPU, 0.000s wall-clock]
Collecting mutex groups... [0.000s CPU, 0.000s wall-clock]
Choosing groups...
363 uncovered facts
Choosing groups: [0.000s CPU, 0.001s wall-clock]
Building translation key... [0.000s CPU, 0.001s wall-clock]
Computing fact groups: [0.000s CPU, 0.003s wall-clock]
Building STRIPS to SAS dictionary... [0.000s CPU, 0.001s wall-clock]
Building dictionary for full mutex groups... [0.000s CPU, 0.000s wall-clock]
Translating task...
Processing axioms...
Simplifying axioms... [0.000s CPU, 0.000s wall-clock]
Processing axioms: [0.030s CPU, 0.023s wall-clock]
Translating task: [0.280s CPU, 0.276s wall-clock]
1604 implied effects removed
0 effect conditions simplified
0 implied preconditions added
Building mutex information... [0.000s CPU, 0.002s wall-clock]
Detecting unreachable propositions...
164 operators removed
4 propositions removed
Detecting unreachable propositions: [0.060s CPU, 0.059s wall-clock]
Writing translation key... [0.000s CPU, 0.001s wall-clock]
Writing mutex key... [0.000s CPU, 0.003s wall-clock]
Writing output... [0.040s CPU, 0.036s wall-clock]
Done! [1.040s CPU, 1.162s wall-clock]
 
[SCRIPT] 2. Running preprocessor
Building causal graph...
The causal graph is not acyclic.
364 variables of 364 necessary
4884 of 4884 operators necessary.
0 of 0 axiom rules necessary.
Building domain transition graphs...
solveable in poly time 0
Building successor generator...
Writing output...
done

[SCRIPT] 3. Copy to the pool
[INFO] Use 4 instances of stochastic searches
[Info] Search iteration 1
[Info] Using the following heuristic(s):
       FF heuristic with preferred operators
       Landmark heuristic with preferred operators
[LAMA] Best heuristic value: 130/270/14 priority: 0/0/0/0/0 [expanded 1 state(s)]
[LAMA] Best heuristic value: 128/270/14 priority: 0/1000/0/1001/1001 [expanded 2 state(s)]
[LAMA] Best heuristic value: 116/257/13 priority: 0/1995/0/1996/1996 [expanded 4 state(s)]
[LAMA] Best heuristic value: 114/257/13 priority: 0/2996/0/2996/2997 [expanded 5 state(s)]
[LAMA] Best heuristic value: 101/220/12 priority: 0/3995/0/3996/3996 [expanded 6 state(s)]
[LAMA] Best heuristic value: 88/195/11 priority: 0/4992/0/4993/4993 [expanded 9 state(s)]
[LAMA] Best heuristic value: 83/195/11 priority: 0/5987/0/5987/5988 [expanded 12 state(s)]
[LAMA] Best heuristic value: 81/195/11 priority: 0/6987/0/6987/6988 [expanded 13 state(s)]
[LAMA] Best heuristic value: 81/182/10 priority: 0/7987/0/7987/7987 [expanded 14 state(s)]
[LAMA] Best heuristic value: 68/158/10 priority: 0/8986/0/8987/8987 [expanded 16 state(s)]
[LAMA] Best heuristic value: 55/133/9 priority: 0/9983/0/9984/9984 [expanded 20 state(s)]
[LAMA] Best heuristic value: 50/107/7 priority: 0/10977/0/10978/10978 [expanded 24 state(s)]
[LAMA] Best heuristic value: 48/107/7 priority: 0/11978/0/11978/11979 [expanded 25 state(s)]
[LAMA] Best heuristic value: 43/94/6 priority: 0/12972/0/12973/12973 [expanded 27 state(s)]
[LAMA] Best heuristic value: 41/94/6 priority: 0/13973/0/13973/13974 [expanded 28 state(s)]
[LAMA] Best heuristic value: 28/57/5 priority: 0/14972/0/14973/14973 [expanded 29 state(s)]
[LAMA] Best heuristic value: 28/54/4 priority: 0/15973/0/15973/15974 [expanded 30 state(s)]
[LAMA] Best heuristic value: 23/41/3 priority: 0/16972/0/16972/16972 [expanded 32 state(s)]
[LAMA] Best heuristic value: 21/41/3 priority: 0/17972/0/17973/17973 [expanded 33 state(s)]
[LAMA] Best heuristic value: 8/16/2 priority: 0/18971/0/18972/18972 [expanded 34 state(s)]
[LAMA] Best heuristic value: 7/13/1 priority: 0/19972/0/19972/19973 [expanded 35 state(s)]
[LAMA] Solution found!
Plan length: 24 step(s), cost: 276.
Expanded 36 state(s).
Generated 214 state(s).
Search time: 0.01 seconds
Total time: 0.11 seconds
[Info] Search iteration 2
[Info] Using the following heuristic(s):
       FF heuristic with preferred operators
       Landmark heuristic with preferred operators
Conducting weighted A* search, weight is 5, bound is 276.
[LAMA] Best heuristic value: 130/270 priority: 0/0/0/0 [expanded 1 state(s)]
[LAMA] Best heuristic value: 128/270 priority: 0/999/1/1000 [expanded 2 state(s)]
[LAMA] Best heuristic value: 116/257 priority: 1/1993/1/1994 [expanded 4 state(s)]
[LAMA] Best heuristic value: 114/257 priority: 2/2993/1/2993 [expanded 5 state(s)]
[LAMA] Best heuristic value: 109/257 priority: 3/3989/1/3990 [expanded 7 state(s)]
[LAMA] Best heuristic value: 107/257 priority: 4/4988/1/4989 [expanded 9 state(s)]
[LAMA] Best heuristic value: 94/232 priority: 5/5974/1/5975 [expanded 15 state(s)]
[LAMA] Best heuristic value: 81/207 priority: 6/6967/1/6968 [expanded 20 state(s)]
[LAMA] Best heuristic value: 68/170 priority: 7/7959/1/7960 [expanded 25 state(s)]
[LAMA] Best heuristic value: 63/144 priority: 8/8954/1/8954 [expanded 28 state(s)]
[LAMA] Best heuristic value: 61/144 priority: 9/9954/1/9954 [expanded 29 state(s)]
[LAMA] Best heuristic value: 56/131 priority: 10/10949/1/10950 [expanded 31 state(s)]
[LAMA] Best heuristic value: 54/131 priority: 11/11949/1/11949 [expanded 32 state(s)]
[LAMA] Best heuristic value: 41/106 priority: 12/12944/1/12945 [expanded 34 state(s)]
[LAMA] Best heuristic value: 41/103 priority: 13/13944/1/13944 [expanded 35 state(s)]
[LAMA] Best heuristic value: 28/66 priority: 14/14939/1/14940 [expanded 37 state(s)]
[LAMA] Best heuristic value: 23/53 priority: 15/15937/1/15937 [expanded 39 state(s)]
[LAMA] Best heuristic value: 21/53 priority: 16/16937/1/16937 [expanded 40 state(s)]
[LAMA] Best heuristic value: 8/16 priority: 17/17934/1/17935 [expanded 41 state(s)]
[LAMA] Best heuristic value: 7/13 priority: 18/18934/1/18934 [expanded 42 state(s)]
[LAMA] Solution found!
Plan length: 22 step(s), cost: 272.
Expanded 43 state(s).
Generated 312 state(s).
Search time: 0.02 seconds
Total time: 0.13 seconds
[Info] Search iteration 3
[Info] Using the following heuristic(s):
       FF heuristic with preferred operators
       Landmark heuristic with preferred operators
Conducting weighted A* search, weight is 3, bound is 272.
[LAMA] Best heuristic value: 130/270 priority: 0/0/0/0 [expanded 1 state(s)]
[LAMA] Best heuristic value: 128/270 priority: 1/1000/0/1000 [expanded 2 state(s)]
[LAMA] Best heuristic value: 116/257 priority: 2/1994/0/1995 [expanded 4 state(s)]
[LAMA] Best heuristic value: 114/257 priority: 3/2994/0/2994 [expanded 5 state(s)]
[LAMA] Best heuristic value: 109/257 priority: 4/3990/0/3991 [expanded 7 state(s)]
[LAMA] Best heuristic value: 107/257 priority: 5/4989/0/4990 [expanded 8 state(s)]
[LAMA] Best heuristic value: 94/232 priority: 6/5975/0/5976 [expanded 15 state(s)]
[LAMA] Best heuristic value: 81/207 priority: 7/6968/0/6969 [expanded 20 state(s)]
[LAMA] Best heuristic value: 68/170 priority: 8/7959/0/7960 [expanded 26 state(s)]
[LAMA] Best heuristic value: 63/144 priority: 9/8954/0/8954 [expanded 29 state(s)]
[LAMA] Best heuristic value: 61/144 priority: 10/9954/0/9954 [expanded 30 state(s)]
[LAMA] Best heuristic value: 56/131 priority: 11/10949/0/10950 [expanded 32 state(s)]
[LAMA] Best heuristic value: 54/131 priority: 12/11949/0/11949 [expanded 33 state(s)]
[LAMA] Best heuristic value: 41/106 priority: 13/12944/0/12945 [expanded 35 state(s)]
[LAMA] Best heuristic value: 41/103 priority: 14/13944/0/13944 [expanded 36 state(s)]
[LAMA] Best heuristic value: 28/66 priority: 15/14939/0/14939 [expanded 38 state(s)]
[LAMA] Best heuristic value: 23/53 priority: 16/15937/0/15938 [expanded 40 state(s)]
[LAMA] Best heuristic value: 21/53 priority: 17/16937/0/16937 [expanded 41 state(s)]
[LAMA] Best heuristic value: 8/16 priority: 18/17933/0/17934 [expanded 42 state(s)]
[LAMA] Best heuristic value: 7/13 priority: 19/18933/0/18933 [expanded 43 state(s)]
[LAMA] Solution found!
Plan length: 20 step(s), cost: 268.
Expanded 47 state(s).
Generated 337 state(s).
Search time: 0.02 seconds
Total time: 0.15 seconds
[Info] Search iteration 4
[Info] Using the following heuristic(s):
       FF heuristic with preferred operators
       Landmark heuristic with preferred operators
Conducting weighted A* search, weight is 2, bound is 268.
[LAMA] Best heuristic value: 130/270 priority: 0/0/0/0 [expanded 1 state(s)]
[LAMA] Best heuristic value: 128/270 priority: 1/999/0/1000 [expanded 2 state(s)]
[LAMA] Best heuristic value: 116/257 priority: 2/1993/0/1994 [expanded 4 state(s)]
[LAMA] Best heuristic value: 114/257 priority: 3/2993/0/2993 [expanded 5 state(s)]
[LAMA] Best heuristic value: 109/257 priority: 4/3989/0/3990 [expanded 7 state(s)]
[LAMA] Best heuristic value: 107/257 priority: 5/4988/0/4989 [expanded 9 state(s)]
[LAMA] Best heuristic value: 94/232 priority: 6/5971/0/5972 [expanded 15 state(s)]
[LAMA] Best heuristic value: 81/207 priority: 7/6964/0/6965 [expanded 20 state(s)]
[LAMA] Best heuristic value: 68/170 priority: 8/7893/0/7893 [expanded 55 state(s)]
[LAMA] Best heuristic value: 63/144 priority: 9/8887/0/8887 [expanded 61 state(s)]
[LAMA] Best heuristic value: 61/144 priority: 10/9886/0/9886 [expanded 62 state(s)]
[LAMA] Best heuristic value: 56/131 priority: 11/10881/0/10881 [expanded 64 state(s)]
[LAMA] Best heuristic value: 54/131 priority: 12/11881/0/11881 [expanded 65 state(s)]
[LAMA] Best heuristic value: 41/106 priority: 13/12874/0/12874 [expanded 67 state(s)]
[LAMA] Best heuristic value: 41/103 priority: 14/13874/0/13874 [expanded 68 state(s)]
[LAMA] Best heuristic value: 28/66 priority: 15/14868/0/14868 [expanded 70 state(s)]
[LAMA] Best heuristic value: 23/53 priority: 16/15865/0/15865 [expanded 75 state(s)]
[LAMA] Best heuristic value: 21/53 priority: 17/16864/0/16864 [expanded 76 state(s)]
[LAMA] Best heuristic value: 8/16 priority: 18/17860/0/17860 [expanded 79 state(s)]
[LAMA] Best heuristic value: 7/13 priority: 19/18859/0/18859 [expanded 81 state(s)]
[LAMA] Best heuristic value: 7/10 priority: 7049/7048/7048/7048 [expanded 10278 state(s)]
[LAMA] Solution found!
Plan length: 23 step(s), cost: 255.
Expanded 10279 state(s).
Generated 93617 state(s).
Search time: 5.33 seconds
Total time: 5.48 seconds
[Info] Search iteration 5
[Info] Using the following heuristic(s):
       FF heuristic 
       Landmark heuristic 
Conducting weighted A* search, weight is 1, bound is 255.
[LAMA] Best heuristic value: 130/270 priority: 0/0 [expanded 1 state(s)]
[LAMA] Best heuristic value: 128/270 priority: 0/0 [expanded 2 state(s)]
[LAMA] Best heuristic value: 116/257 priority: 4/3 [expanded 4 state(s)]
[LAMA] Best heuristic value: 114/257 priority: 4/4 [expanded 5 state(s)]
[LAMA] Best heuristic value: 109/257 priority: 8/7 [expanded 7 state(s)]
[LAMA] Best heuristic value: 107/257 priority: 9/8 [expanded 8 state(s)]
[LAMA] Best heuristic value: 107/244 priority: 86/86 [expanded 70 state(s)]
[LAMA] Best heuristic value: 102/231 priority: 91/91 [expanded 79 state(s)]
[LAMA] Best heuristic value: 100/231 priority: 92/92 [expanded 82 state(s)]
[LAMA] Best heuristic value: 96/231 priority: 226/226 [expanded 171 state(s)]
[LAMA] Best heuristic value: 94/231 priority: 226/226 [expanded 172 state(s)]
[LAMA] Best heuristic value: 94/219 priority: 403/403 [expanded 311 state(s)]
[LAMA] Best heuristic value: 89/206 priority: 408/408 [expanded 314 state(s)]
[LAMA] Best heuristic value: 87/206 priority: 409/409 [expanded 315 state(s)]
[LAMA] Best heuristic value: 87/194 priority: 1192/1192 [expanded 841 state(s)]
[LAMA] Best heuristic value: 83/194 priority: 1509/1509 [expanded 1227 state(s)]
[LAMA] Best heuristic value: 83/182 priority: 1513/1513 [expanded 1236 state(s)]
[LAMA] Best heuristic value: 76/169 priority: 1518/1518 [expanded 1245 state(s)]
[LAMA] Best heuristic value: 74/169 priority: 1519/1519 [expanded 1248 state(s)]
[LAMA] Best heuristic value: 69/156 priority: 1529/1529 [expanded 1263 state(s)]
[LAMA] Best heuristic value: 67/156 priority: 1530/1530 [expanded 1264 state(s)]
[LAMA] Best heuristic value: 67/139 priority: 3832/3832 [expanded 2732 state(s)]
[LAMA] Best heuristic value: 61/120 priority: 3859/3859 [expanded 2745 state(s)]
[LAMA] Best heuristic value: 61/117 priority: 3860/3860 [expanded 2747 state(s)]
[LAMA] Best heuristic value: 54/101 priority: 4984/4984 [expanded 3792 state(s)]
[LAMA] Best heuristic value: 41/82 priority: 5007/5007 [expanded 3804 state(s)]
[LAMA] Best heuristic value: 41/79 priority: 5008/5008 [expanded 3807 state(s)]
[LAMA] Best heuristic value: 28/51 priority: 14347/14347 [expanded 11245 state(s)]
[LAMA] Best heuristic value: 23/41 priority: 14356/14356 [expanded 11252 state(s)]
[LAMA] Best heuristic value: 21/41 priority: 14357/14357 [expanded 11253 state(s)]
[LAMA] Best heuristic value: 15/23 priority: 14525/14525 [expanded 11350 state(s)]
[LAMA] Best heuristic value: 14/20 priority: 14526/14526 [expanded 11353 state(s)]
[LAMA] Best heuristic value: 7/10 priority: 14531/14531 [expanded 11362 state(s)]
[LAMA] Solution found!
Plan length: 21 step(s), cost: 245.
Expanded 11374 state(s).
Generated 135747 state(s).
Search time: 5.13 seconds
Total time: 10.61 seconds
[Info] Search iteration 6
[Info] No more new weight, weight is 1
[Info] Using the following heuristic(s):
       FF heuristic 
       Landmark heuristic 
Conducting weighted A* search, weight is 1, bound is 245.
[LAMA] Best heuristic value: 130/270 priority: 0/0 [expanded 1 state(s)]
[LAMA] Best heuristic value: 128/270 priority: 0/0 [expanded 2 state(s)]
[LAMA] Best heuristic value: 116/257 priority: 4/3 [expanded 4 state(s)]
[LAMA] Best heuristic value: 114/257 priority: 4/4 [expanded 5 state(s)]
[LAMA] Best heuristic value: 109/257 priority: 8/7 [expanded 7 state(s)]
[LAMA] Best heuristic value: 107/257 priority: 9/8 [expanded 8 state(s)]
[LAMA] Best heuristic value: 107/244 priority: 86/86 [expanded 70 state(s)]
[LAMA] Best heuristic value: 102/231 priority: 91/91 [expanded 79 state(s)]
[LAMA] Best heuristic value: 100/231 priority: 92/92 [expanded 82 state(s)]
[LAMA] Best heuristic value: 96/231 priority: 226/226 [expanded 171 state(s)]
[LAMA] Best heuristic value: 94/231 priority: 226/226 [expanded 172 state(s)]
[LAMA] Best heuristic value: 94/219 priority: 403/403 [expanded 311 state(s)]
[LAMA] Best heuristic value: 89/206 priority: 408/408 [expanded 314 state(s)]
[LAMA] Best heuristic value: 87/206 priority: 409/409 [expanded 315 state(s)]
[LAMA] Best heuristic value: 87/194 priority: 1192/1192 [expanded 841 state(s)]
[LAMA] Best heuristic value: 83/194 priority: 1509/1509 [expanded 1227 state(s)]
[LAMA] Best heuristic value: 83/182 priority: 1513/1513 [expanded 1236 state(s)]
[LAMA] Best heuristic value: 76/169 priority: 1518/1518 [expanded 1245 state(s)]
[LAMA] Best heuristic value: 74/169 priority: 1519/1519 [expanded 1248 state(s)]
[LAMA] Best heuristic value: 69/156 priority: 1529/1529 [expanded 1263 state(s)]
[LAMA] Best heuristic value: 67/156 priority: 1530/1530 [expanded 1264 state(s)]
[LAMA] Best heuristic value: 67/139 priority: 3832/3832 [expanded 2732 state(s)]
[LAMA] Best heuristic value: 61/120 priority: 3859/3859 [expanded 2745 state(s)]
[LAMA] Best heuristic value: 61/117 priority: 3860/3860 [expanded 2747 state(s)]
[LAMA] Best heuristic value: 54/101 priority: 4984/4984 [expanded 3792 state(s)]
[LAMA] Best heuristic value: 41/82 priority: 5007/5007 [expanded 3804 state(s)]
[LAMA] Best heuristic value: 41/79 priority: 5008/5008 [expanded 3807 state(s)]
[LAMA] Best heuristic value: 28/51 priority: 14347/14347 [expanded 11245 state(s)]
[LAMA] Best heuristic value: 23/41 priority: 14356/14356 [expanded 11252 state(s)]
[LAMA] Best heuristic value: 21/41 priority: 14357/14357 [expanded 11253 state(s)]
[LAMA] Best heuristic value: 15/23 priority: 14525/14525 [expanded 11350 state(s)]
[LAMA] Best heuristic value: 14/20 priority: 14526/14526 [expanded 11353 state(s)]
[LAMA] Best heuristic value: 7/10 priority: 14531/14531 [expanded 11362 state(s)]
