[SCRIPT] 1. Running LAMA translator
../assign_1/trnkato2_assign_1.pddl ../assign_1/problem5.pddl
Parsing... [0.000s CPU, 0.085s wall-clock]
Instantiating...
Normalizing task... [0.000s CPU, 0.000s wall-clock]
Generating Datalog program... [0.000s CPU, 0.001s wall-clock]
Normalizing Datalog program...
Normalizing Datalog program: [0.000s CPU, 0.083s wall-clock]
Preparing model... [0.000s CPU, 0.003s wall-clock]
Generated 47 rules.
Computing model... [0.140s CPU, 0.145s wall-clock]
5505 relevant atoms
2128 auxiliary atoms
7633 final queue length
16641 total queue pushes
Completing instantiation... [0.510s CPU, 0.502s wall-clock]
Instantiating: [0.650s CPU, 0.740s wall-clock]
Computing fact groups...
Finding invariants... 11 initial candidates
[0.000s CPU, 0.000s wall-clock]
Checking invariant weight... [0.000s CPU, 0.000s wall-clock]
Instantiating groups... [0.000s CPU, 0.000s wall-clock]
Collecting mutex groups... [0.000s CPU, 0.000s wall-clock]
Choosing groups...
363 uncovered facts
Choosing groups: [0.000s CPU, 0.001s wall-clock]
Building translation key... [0.000s CPU, 0.001s wall-clock]
Computing fact groups: [0.010s CPU, 0.003s wall-clock]
Building STRIPS to SAS dictionary... [0.000s CPU, 0.001s wall-clock]
Building dictionary for full mutex groups... [0.000s CPU, 0.001s wall-clock]
Translating task...
Processing axioms...
Simplifying axioms... [0.000s CPU, 0.000s wall-clock]
Processing axioms: [0.020s CPU, 0.022s wall-clock]
Translating task: [0.260s CPU, 0.268s wall-clock]
1604 implied effects removed
0 effect conditions simplified
0 implied preconditions added
Building mutex information... [0.000s CPU, 0.001s wall-clock]
Detecting unreachable propositions...
164 operators removed
4 propositions removed
Detecting unreachable propositions: [0.060s CPU, 0.058s wall-clock]
Writing translation key... [0.000s CPU, 0.001s wall-clock]
Writing mutex key... [0.010s CPU, 0.003s wall-clock]
Writing output... [0.040s CPU, 0.036s wall-clock]
Done! [1.040s CPU, 1.215s wall-clock]
 
[SCRIPT] 2. Running preprocessor
Building causal graph...
The causal graph is not acyclic.
364 variables of 364 necessary
4884 of 4884 operators necessary.
0 of 0 axiom rules necessary.
Building domain transition graphs...
solveable in poly time 0
Building successor generator...
Writing output...
done

[SCRIPT] 3. Copy to the pool
[INFO] Use 4 instances of stochastic searches
[Info] Search iteration 1
[Info] Using the following heuristic(s):
       FF heuristic with preferred operators
       Landmark heuristic with preferred operators
[LAMA] Best heuristic value: 250/534/26 priority: 0/0/0/0/0 [expanded 1 state(s)]
[LAMA] Best heuristic value: 248/534/26 priority: 0/1000/0/1001/1001 [expanded 2 state(s)]
[LAMA] Best heuristic value: 236/521/25 priority: 0/1995/0/1996/1996 [expanded 4 state(s)]
[LAMA] Best heuristic value: 234/521/25 priority: 0/2996/0/2996/2997 [expanded 5 state(s)]
[LAMA] Best heuristic value: 221/484/24 priority: 0/3995/0/3996/3996 [expanded 6 state(s)]
[LAMA] Best heuristic value: 208/459/23 priority: 0/4991/0/4992/4992 [expanded 9 state(s)]
[LAMA] Best heuristic value: 203/459/23 priority: 0/5986/0/5986/5987 [expanded 12 state(s)]
[LAMA] Best heuristic value: 201/459/23 priority: 0/6986/0/6986/6987 [expanded 13 state(s)]
[LAMA] Best heuristic value: 188/422/22 priority: 0/7985/0/7986/7986 [expanded 14 state(s)]
[LAMA] Best heuristic value: 175/397/21 priority: 0/8982/0/8983/8983 [expanded 17 state(s)]
[LAMA] Best heuristic value: 170/371/19 priority: 0/9977/0/9977/9978 [expanded 20 state(s)]
[LAMA] Best heuristic value: 168/371/19 priority: 0/10978/0/10978/10978 [expanded 21 state(s)]
[LAMA] Best heuristic value: 163/371/19 priority: 0/11972/0/11973/11973 [expanded 23 state(s)]
[LAMA] Best heuristic value: 161/371/19 priority: 0/12972/0/12973/12973 [expanded 24 state(s)]
[LAMA] Best heuristic value: 148/334/18 priority: 0/13971/0/13972/13972 [expanded 25 state(s)]
[LAMA] Best heuristic value: 135/309/17 priority: 0/14967/0/14968/14968 [expanded 28 state(s)]
[LAMA] Best heuristic value: 130/283/15 priority: 0/15962/0/15962/15963 [expanded 31 state(s)]
[LAMA] Best heuristic value: 128/283/15 priority: 0/16963/0/16963/16963 [expanded 32 state(s)]
[LAMA] Best heuristic value: 123/283/15 priority: 0/17957/0/17958/17958 [expanded 34 state(s)]
[LAMA] Best heuristic value: 121/283/15 priority: 0/18957/0/18958/18958 [expanded 35 state(s)]
[LAMA] Best heuristic value: 108/246/14 priority: 0/19956/0/19957/19957 [expanded 36 state(s)]
[LAMA] Best heuristic value: 95/221/13 priority: 0/20952/0/20953/20953 [expanded 39 state(s)]
[LAMA] Best heuristic value: 90/195/11 priority: 0/21947/0/21947/21948 [expanded 42 state(s)]
[LAMA] Best heuristic value: 88/195/11 priority: 0/22948/0/22948/22948 [expanded 43 state(s)]
[LAMA] Best heuristic value: 83/195/11 priority: 0/23942/0/23943/23943 [expanded 45 state(s)]
[LAMA] Best heuristic value: 81/195/11 priority: 0/24942/0/24943/24943 [expanded 46 state(s)]
[LAMA] Best heuristic value: 68/158/10 priority: 0/25941/0/25942/25942 [expanded 47 state(s)]
[LAMA] Best heuristic value: 55/133/9 priority: 0/26937/0/26938/26938 [expanded 50 state(s)]
[LAMA] Best heuristic value: 50/107/7 priority: 0/27932/0/27932/27933 [expanded 53 state(s)]
[LAMA] Best heuristic value: 48/107/7 priority: 0/28933/0/28933/28933 [expanded 54 state(s)]
[LAMA] Best heuristic value: 48/94/6 priority: 0/29927/0/29928/29928 [expanded 56 state(s)]
[LAMA] Best heuristic value: 43/94/6 priority: 0/30922/0/30923/30923 [expanded 59 state(s)]
[LAMA] Best heuristic value: 41/94/6 priority: 0/31922/0/31923/31923 [expanded 60 state(s)]
[LAMA] Best heuristic value: 28/57/5 priority: 0/32921/0/32922/32922 [expanded 61 state(s)]
[LAMA] Best heuristic value: 28/54/4 priority: 0/33922/0/33922/33923 [expanded 62 state(s)]
[LAMA] Best heuristic value: 23/41/3 priority: 0/34921/0/34921/34921 [expanded 64 state(s)]
[LAMA] Best heuristic value: 21/41/3 priority: 0/35921/0/35922/35922 [expanded 65 state(s)]
[LAMA] Best heuristic value: 8/16/2 priority: 0/36920/0/36921/36921 [expanded 66 state(s)]
[LAMA] Best heuristic value: 7/13/1 priority: 0/37921/0/37921/37922 [expanded 67 state(s)]
[LAMA] Solution found!
Plan length: 48 step(s), cost: 552.
Expanded 68 state(s).
Generated 382 state(s).
Search time: 0.03 seconds
Total time: 0.13 seconds
[Info] Search iteration 2
[Info] Using the following heuristic(s):
       FF heuristic with preferred operators
       Landmark heuristic with preferred operators
Conducting weighted A* search, weight is 5, bound is 552.
[LAMA] Best heuristic value: 250/534 priority: 0/0/0/0 [expanded 1 state(s)]
[LAMA] Best heuristic value: 248/534 priority: 0/999/1/1000 [expanded 2 state(s)]
[LAMA] Best heuristic value: 236/521 priority: 1/1993/1/1994 [expanded 4 state(s)]
[LAMA] Best heuristic value: 234/521 priority: 2/2993/1/2993 [expanded 5 state(s)]
[LAMA] Best heuristic value: 229/521 priority: 3/3989/1/3990 [expanded 7 state(s)]
[LAMA] Best heuristic value: 227/521 priority: 4/4988/1/4989 [expanded 9 state(s)]
[LAMA] Best heuristic value: 214/496 priority: 5/5953/1/5954 [expanded 22 state(s)]
[LAMA] Best heuristic value: 201/471 priority: 6/6946/1/6947 [expanded 27 state(s)]
[LAMA] Best heuristic value: 188/434 priority: 7/7938/1/7939 [expanded 32 state(s)]
[LAMA] Best heuristic value: 183/408 priority: 8/8933/1/8933 [expanded 35 state(s)]
[LAMA] Best heuristic value: 181/408 priority: 9/9933/1/9933 [expanded 36 state(s)]
[LAMA] Best heuristic value: 176/408 priority: 10/10928/1/10929 [expanded 38 state(s)]
[LAMA] Best heuristic value: 174/408 priority: 11/11927/1/11928 [expanded 39 state(s)]
[LAMA] Best heuristic value: 161/383 priority: 12/12903/1/12904 [expanded 50 state(s)]
[LAMA] Best heuristic value: 148/346 priority: 13/13895/1/13896 [expanded 55 state(s)]
[LAMA] Best heuristic value: 143/320 priority: 14/14890/1/14890 [expanded 58 state(s)]
[LAMA] Best heuristic value: 141/320 priority: 15/15890/1/15890 [expanded 59 state(s)]
[LAMA] Best heuristic value: 136/320 priority: 16/16885/1/16886 [expanded 61 state(s)]
[LAMA] Best heuristic value: 134/320 priority: 17/17884/1/17885 [expanded 62 state(s)]
[LAMA] Best heuristic value: 121/295 priority: 18/18866/1/18867 [expanded 70 state(s)]
[LAMA] Best heuristic value: 108/258 priority: 19/19858/1/19859 [expanded 75 state(s)]
[LAMA] Best heuristic value: 103/232 priority: 20/20853/1/20853 [expanded 78 state(s)]
[LAMA] Best heuristic value: 101/232 priority: 21/21853/1/21853 [expanded 79 state(s)]
[LAMA] Best heuristic value: 96/232 priority: 22/22848/1/22849 [expanded 81 state(s)]
[LAMA] Best heuristic value: 94/232 priority: 23/23847/1/23848 [expanded 82 state(s)]
[LAMA] Best heuristic value: 81/207 priority: 24/24835/1/24836 [expanded 87 state(s)]
[LAMA] Best heuristic value: 68/170 priority: 25/25827/1/25828 [expanded 92 state(s)]
[LAMA] Best heuristic value: 63/144 priority: 26/26822/1/26822 [expanded 95 state(s)]
[LAMA] Best heuristic value: 61/144 priority: 27/27822/1/27822 [expanded 96 state(s)]
[LAMA] Best heuristic value: 56/131 priority: 28/28817/1/28818 [expanded 98 state(s)]
[LAMA] Best heuristic value: 54/131 priority: 29/29817/1/29817 [expanded 99 state(s)]
[LAMA] Best heuristic value: 41/106 priority: 30/30812/1/30813 [expanded 101 state(s)]
[LAMA] Best heuristic value: 41/103 priority: 31/31812/1/31812 [expanded 102 state(s)]
[LAMA] Best heuristic value: 28/66 priority: 32/32807/1/32808 [expanded 104 state(s)]
[LAMA] Best heuristic value: 23/53 priority: 33/33805/1/33805 [expanded 106 state(s)]
[LAMA] Best heuristic value: 21/53 priority: 34/34805/1/34805 [expanded 107 state(s)]
[LAMA] Best heuristic value: 8/16 priority: 35/35802/1/35803 [expanded 108 state(s)]
[LAMA] Best heuristic value: 7/13 priority: 36/36802/1/36802 [expanded 109 state(s)]
[LAMA] Solution found!
Plan length: 46 step(s), cost: 548.
Expanded 110 state(s).
Generated 789 state(s).
Search time: 0.05 seconds
Total time: 0.18 seconds
[Info] Search iteration 3
[Info] Using the following heuristic(s):
       FF heuristic with preferred operators
       Landmark heuristic with preferred operators
Conducting weighted A* search, weight is 3, bound is 548.
[LAMA] Best heuristic value: 250/534 priority: 0/0/0/0 [expanded 1 state(s)]
[LAMA] Best heuristic value: 248/534 priority: 1/1000/0/1000 [expanded 2 state(s)]
[LAMA] Best heuristic value: 236/521 priority: 2/1994/0/1995 [expanded 4 state(s)]
[LAMA] Best heuristic value: 234/521 priority: 3/2994/0/2994 [expanded 5 state(s)]
[LAMA] Best heuristic value: 229/521 priority: 4/3990/0/3991 [expanded 7 state(s)]
[LAMA] Best heuristic value: 227/521 priority: 5/4989/0/4990 [expanded 9 state(s)]
[LAMA] Best heuristic value: 214/496 priority: 6/5954/0/5955 [expanded 23 state(s)]
[LAMA] Best heuristic value: 201/471 priority: 7/6947/0/6948 [expanded 28 state(s)]
[LAMA] Best heuristic value: 188/434 priority: 8/7938/0/7939 [expanded 34 state(s)]
[LAMA] Best heuristic value: 183/408 priority: 9/8933/0/8933 [expanded 37 state(s)]
[LAMA] Best heuristic value: 181/408 priority: 10/9933/0/9933 [expanded 38 state(s)]
[LAMA] Best heuristic value: 176/408 priority: 11/10928/0/10929 [expanded 40 state(s)]
[LAMA] Best heuristic value: 174/408 priority: 12/11927/0/11928 [expanded 41 state(s)]
[LAMA] Best heuristic value: 161/383 priority: 13/12903/0/12904 [expanded 52 state(s)]
[LAMA] Best heuristic value: 148/346 priority: 14/13860/0/13861 [expanded 76 state(s)]
[LAMA] Best heuristic value: 143/320 priority: 15/14855/0/14855 [expanded 79 state(s)]
[LAMA] Best heuristic value: 141/320 priority: 16/15855/0/15855 [expanded 80 state(s)]
[LAMA] Best heuristic value: 136/320 priority: 17/16850/0/16851 [expanded 82 state(s)]
[LAMA] Best heuristic value: 134/320 priority: 18/17849/0/17850 [expanded 83 state(s)]
[LAMA] Best heuristic value: 121/295 priority: 19/18831/0/18832 [expanded 91 state(s)]
[LAMA] Best heuristic value: 108/258 priority: 20/19799/0/19800 [expanded 109 state(s)]
[LAMA] Best heuristic value: 103/232 priority: 21/20794/0/20794 [expanded 112 state(s)]
[LAMA] Best heuristic value: 101/232 priority: 22/21794/0/21794 [expanded 113 state(s)]
[LAMA] Best heuristic value: 96/232 priority: 23/22789/0/22790 [expanded 115 state(s)]
[LAMA] Best heuristic value: 94/232 priority: 24/23788/0/23789 [expanded 116 state(s)]
[LAMA] Best heuristic value: 81/207 priority: 25/24776/0/24777 [expanded 121 state(s)]
[LAMA] Best heuristic value: 68/170 priority: 26/25755/0/25756 [expanded 133 state(s)]
[LAMA] Best heuristic value: 63/144 priority: 27/26750/0/26750 [expanded 136 state(s)]
[LAMA] Best heuristic value: 61/144 priority: 28/27750/0/27750 [expanded 137 state(s)]
[LAMA] Best heuristic value: 56/131 priority: 29/28745/0/28746 [expanded 139 state(s)]
[LAMA] Best heuristic value: 54/131 priority: 30/29745/0/29745 [expanded 140 state(s)]
[LAMA] Best heuristic value: 41/106 priority: 31/30740/0/30741 [expanded 142 state(s)]
[LAMA] Best heuristic value: 41/103 priority: 32/31740/0/31740 [expanded 143 state(s)]
[LAMA] Best heuristic value: 28/66 priority: 33/32735/0/32735 [expanded 145 state(s)]
[LAMA] Best heuristic value: 23/53 priority: 34/33733/0/33734 [expanded 147 state(s)]
[LAMA] Best heuristic value: 21/53 priority: 35/34733/0/34733 [expanded 148 state(s)]
[LAMA] Best heuristic value: 8/16 priority: 36/35729/0/35730 [expanded 149 state(s)]
[LAMA] Best heuristic value: 7/13 priority: 37/36729/0/36729 [expanded 150 state(s)]
[LAMA] Solution found!
Plan length: 44 step(s), cost: 544.
Expanded 154 state(s).
Generated 1060 state(s).
Search time: 0.07 seconds
Total time: 0.25 seconds
[Info] Search iteration 4
[Info] Using the following heuristic(s):
       FF heuristic with preferred operators
       Landmark heuristic with preferred operators
Conducting weighted A* search, weight is 2, bound is 544.
[LAMA] Best heuristic value: 250/534 priority: 0/0/0/0 [expanded 1 state(s)]
[LAMA] Best heuristic value: 248/534 priority: 1/999/0/1000 [expanded 2 state(s)]
[LAMA] Best heuristic value: 236/521 priority: 2/1993/0/1994 [expanded 4 state(s)]
[LAMA] Best heuristic value: 234/521 priority: 3/2993/0/2993 [expanded 5 state(s)]
[LAMA] Best heuristic value: 229/521 priority: 4/3989/0/3990 [expanded 7 state(s)]
[LAMA] Best heuristic value: 227/521 priority: 5/4988/0/4989 [expanded 9 state(s)]
[LAMA] Best heuristic value: 214/496 priority: 6/5944/0/5945 [expanded 22 state(s)]
[LAMA] Best heuristic value: 201/471 priority: 7/6937/0/6938 [expanded 27 state(s)]
[LAMA] Best heuristic value: 188/434 priority: 8/7051/0/7052 [expanded 553 state(s)]
[LAMA] Best heuristic value: 183/408 priority: 9/8046/0/8046 [expanded 556 state(s)]
[LAMA] Best heuristic value: 181/408 priority: 10/9046/0/9046 [expanded 557 state(s)]
[LAMA] Best heuristic value: 176/408 priority: 11/10041/0/10042 [expanded 559 state(s)]
[LAMA] Best heuristic value: 174/408 priority: 12/11040/0/11041 [expanded 560 state(s)]
[LAMA] Best heuristic value: 161/383 priority: 13/12008/0/12008 [expanded 571 state(s)]
[LAMA] Best heuristic value: 148/346 priority: 14/9666/0/9666 [expanded 2392 state(s)]
[LAMA] Best heuristic value: 143/320 priority: 15/10660/0/10660 [expanded 2395 state(s)]
[LAMA] Best heuristic value: 141/320 priority: 16/11660/0/11660 [expanded 2396 state(s)]
[LAMA] Best heuristic value: 136/320 priority: 17/12654/0/12654 [expanded 2398 state(s)]
[LAMA] Best heuristic value: 134/320 priority: 18/13654/0/13654 [expanded 2399 state(s)]
[LAMA] Best heuristic value: 121/295 priority: 19/14630/0/14630 [expanded 2407 state(s)]
[LAMA] Best heuristic value: 108/258 priority: 20/15600/0/15600 [expanded 2427 state(s)]
[LAMA] Best heuristic value: 103/232 priority: 21/16594/0/16594 [expanded 2430 state(s)]
[LAMA] Best heuristic value: 101/232 priority: 22/17593/0/17593 [expanded 2431 state(s)]
[LAMA] Best heuristic value: 96/232 priority: 23/18588/0/18588 [expanded 2434 state(s)]
[LAMA] Best heuristic value: 94/232 priority: 24/19584/0/19584 [expanded 2439 state(s)]
[LAMA] Best heuristic value: 81/207 priority: 25/20572/0/20572 [expanded 2443 state(s)]
[LAMA] Best heuristic value: 68/170 priority: 26/21550/0/21550 [expanded 2460 state(s)]
[LAMA] Best heuristic value: 63/144 priority: 27/22544/0/22544 [expanded 2466 state(s)]
[LAMA] Best heuristic value: 61/144 priority: 28/23543/0/23543 [expanded 2468 state(s)]
[LAMA] Best heuristic value: 56/131 priority: 29/24538/0/24538 [expanded 2470 state(s)]
[LAMA] Best heuristic value: 54/131 priority: 30/25537/0/25537 [expanded 2471 state(s)]
[LAMA] Best heuristic value: 41/106 priority: 31/26531/0/26531 [expanded 2476 state(s)]
[LAMA] Best heuristic value: 41/103 priority: 32/27530/0/27530 [expanded 2478 state(s)]
[LAMA] Best heuristic value: 28/66 priority: 33/28525/0/28525 [expanded 2480 state(s)]
[LAMA] Best heuristic value: 23/53 priority: 34/29522/0/29522 [expanded 2482 state(s)]
[LAMA] Best heuristic value: 21/53 priority: 35/30521/0/30521 [expanded 2484 state(s)]
[LAMA] Best heuristic value: 8/16 priority: 36/31517/0/31517 [expanded 2488 state(s)]
[LAMA] Best heuristic value: 7/13 priority: 37/32516/0/32516 [expanded 2489 state(s)]
[LAMA] Solution found!
Plan length: 42 step(s), cost: 540.
Expanded 3244 state(s).
Generated 24667 state(s).
Search time: 1.57 seconds
Total time: 1.82 seconds
[Info] Search iteration 5
[Info] Using the following heuristic(s):
       FF heuristic 
       Landmark heuristic 
Conducting weighted A* search, weight is 1, bound is 540.
[LAMA] Best heuristic value: 250/534 priority: 0/0 [expanded 1 state(s)]
[LAMA] Best heuristic value: 248/534 priority: 0/1 [expanded 2 state(s)]
[LAMA] Best heuristic value: 236/521 priority: 4/3 [expanded 4 state(s)]
[LAMA] Best heuristic value: 234/521 priority: 4/4 [expanded 5 state(s)]
[LAMA] Best heuristic value: 229/521 priority: 8/7 [expanded 7 state(s)]
[LAMA] Best heuristic value: 227/521 priority: 9/8 [expanded 9 state(s)]
[LAMA] Best heuristic value: 227/508 priority: 173/172 [expanded 111 state(s)]
[LAMA] Best heuristic value: 222/508 priority: 177/177 [expanded 116 state(s)]
[LAMA] Best heuristic value: 221/496 priority: 364/363 [expanded 247 state(s)]
[LAMA] Best heuristic value: 216/496 priority: 368/368 [expanded 250 state(s)]
[LAMA] Best heuristic value: 214/496 priority: 368/368 [expanded 251 state(s)]
[LAMA] Best heuristic value: 214/483 priority: 1020/1020 [expanded 581 state(s)]
[LAMA] Best heuristic value: 209/483 priority: 1026/1026 [expanded 589 state(s)]
[LAMA] Best heuristic value: 207/483 priority: 1874/1874 [expanded 1248 state(s)]
[LAMA] Best heuristic value: 207/471 priority: 2437/2437 [expanded 1872 state(s)]
[LAMA] Best heuristic value: 207/398 priority: 3035/3034 [expanded 2254 state(s)]
[LAMA] Best heuristic value: 201/398 priority: 3053/3052 [expanded 2272 state(s)]
[LAMA] Best heuristic value: 201/388 priority: 3251/3251 [expanded 2488 state(s)]
[LAMA] Best heuristic value: 201/379 priority: 3747/3747 [expanded 2901 state(s)]
[LAMA] Best heuristic value: 201/369 priority: 5475/5475 [expanded 3499 state(s)]
[LAMA] Best heuristic value: 201/350 priority: 9628/9628 [expanded 6319 state(s)]
[LAMA] Best heuristic value: 196/350 priority: 9641/9641 [expanded 6342 state(s)]
[LAMA] Best heuristic value: 194/350 priority: 9647/9647 [expanded 6355 state(s)]
[LAMA] Best heuristic value: 194/340 priority: 11035/11035 [expanded 7365 state(s)]
[LAMA] Best heuristic value: 189/340 priority: 11044/11044 [expanded 7371 state(s)]
[LAMA] Best heuristic value: 189/331 priority: 13243/13243 [expanded 9413 state(s)]
[LAMA] Best heuristic value: 187/331 priority: 13319/13319 [expanded 9458 state(s)]
[LAMA] Best heuristic value: 187/321 priority: 13463/13463 [expanded 9555 state(s)]
[LAMA] Best heuristic value: 182/321 priority: 13468/13468 [expanded 9563 state(s)]
[LAMA] Best heuristic value: 180/321 priority: 13778/13778 [expanded 9857 state(s)]
[LAMA] Best heuristic value: 180/312 priority: 14042/14042 [expanded 10031 state(s)]
[LAMA] Best heuristic value: 176/312 priority: 14047/14047 [expanded 10037 state(s)]
[LAMA] Best heuristic value: 174/312 priority: 14056/14056 [expanded 10048 state(s)]
[LAMA] Best heuristic value: 174/302 priority: 14602/14602 [expanded 10398 state(s)]
[LAMA] Best heuristic value: 169/302 priority: 14616/14616 [expanded 10411 state(s)]
[LAMA] Best heuristic value: 167/302 priority: 15198/15198 [expanded 10947 state(s)]
[LAMA] Best heuristic value: 167/292 priority: 46172/46172 [expanded 33547 state(s)]
[LAMA] Best heuristic value: 162/292 priority: 46181/46181 [expanded 33558 state(s)]
[LAMA] Best heuristic value: 160/292 priority: 46373/46373 [expanded 33727 state(s)]
[LAMA] Best heuristic value: 160/283 priority: 69437/69437 [expanded 49107 state(s)]
[LAMA] Best heuristic value: 156/283 priority: 69442/69442 [expanded 49111 state(s)]
[LAMA] Best heuristic value: 154/283 priority: 69454/69454 [expanded 49127 state(s)]
[LAMA] Best heuristic value: 154/274 priority: 100603/100603 [expanded 70647 state(s)]
[LAMA] Best heuristic value: 154/264 priority: 100608/100608 [expanded 70655 state(s)]
[LAMA] Best heuristic value: 149/264 priority: 100618/100618 [expanded 70668 state(s)]
[LAMA] Best heuristic value: 147/264 priority: 100671/100671 [expanded 70737 state(s)]
[LAMA] Best heuristic value: 147/254 priority: 100782/100782 [expanded 70826 state(s)]
[LAMA] Best heuristic value: 142/254 priority: 100792/100792 [expanded 70836 state(s)]
[LAMA] Best heuristic value: 140/254 priority: 100944/100944 [expanded 70971 state(s)]
[LAMA] Best heuristic value: 140/245 priority: 101077/101077 [expanded 71096 state(s)]
[LAMA] Best heuristic value: 136/245 priority: 101086/101086 [expanded 71107 state(s)]
[LAMA] Best heuristic value: 134/245 priority: 101093/101093 [expanded 71118 state(s)]
[LAMA] Best heuristic value: 134/235 priority: 101434/101434 [expanded 71369 state(s)]
[LAMA] Best heuristic value: 129/235 priority: 101449/101449 [expanded 71378 state(s)]
[LAMA] Best heuristic value: 127/235 priority: 101814/101814 [expanded 71643 state(s)]
[LAMA] Best heuristic value: 127/234 priority: 102467/102467 [expanded 71920 state(s)]
[LAMA] Best heuristic value: 121/216 priority: 146731/146731 [expanded 103505 state(s)]
[LAMA] Best heuristic value: 116/216 priority: 146736/146736 [expanded 103509 state(s)]
[LAMA] Best heuristic value: 114/216 priority: 146748/146748 [expanded 103527 state(s)]
[LAMA] Best heuristic value: 114/206 priority: 147518/147518 [expanded 104003 state(s)]
[LAMA] Best heuristic value: 109/196 priority: 147537/147537 [expanded 104023 state(s)]
[LAMA] Best heuristic value: 107/196 priority: 147538/147538 [expanded 104025 state(s)]
[LAMA] Best heuristic value: 107/187 priority: 231380/231380 [expanded 158100 state(s)]
[LAMA] Best heuristic value: 102/177 priority: 231391/231391 [expanded 158110 state(s)]
[LAMA] Best heuristic value: 100/177 priority: 231392/231392 [expanded 158113 state(s)]
[LAMA] Best heuristic value: 96/177 priority: 231664/231664 [expanded 158397 state(s)]
[LAMA] Best heuristic value: 94/177 priority: 231673/231673 [expanded 158411 state(s)]
[LAMA] Best heuristic value: 94/168 priority: 231895/231895 [expanded 158628 state(s)]
[LAMA] Best heuristic value: 89/158 priority: 231910/231910 [expanded 158647 state(s)]
[LAMA] Best heuristic value: 87/158 priority: 231911/231911 [expanded 158650 state(s)]
[LAMA] Best heuristic value: 74/139 priority: 380342/380342 [expanded 258192 state(s)]
[LAMA] Best heuristic value: 61/120 priority: 380371/380371 [expanded 258221 state(s)]
[LAMA] Best heuristic value: 61/117 priority: 380372/380372 [expanded 258223 state(s)]
[LAMA] Best heuristic value: 54/101 priority: 583042/583042 [expanded 395620 state(s)]
[LAMA] Best heuristic value: 41/82 priority: 583065/583065 [expanded 395633 state(s)]
[LAMA] Best heuristic value: 41/79 priority: 583066/583066 [expanded 395634 state(s)]
[LAMA] Best heuristic value: 28/51 priority: 583655/583655 [expanded 396271 state(s)]
[LAMA] Best heuristic value: 23/41 priority: 583664/583664 [expanded 396281 state(s)]
[LAMA] Best heuristic value: 21/41 priority: 583665/583665 [expanded 396282 state(s)]
[LAMA] Best heuristic value: 15/23 priority: 583771/583771 [expanded 396362 state(s)]
[LAMA] Best heuristic value: 14/20 priority: 583772/583772 [expanded 396363 state(s)]
[LAMA] Best heuristic value: 7/10 priority: 583777/583777 [expanded 396368 state(s)]
[LAMA] Solution found!
Plan length: 39 step(s), cost: 446.
Expanded 396376 state(s).
Generated 5681198 state(s).
Search time: 206.85 seconds
Total time: 208.67 seconds
[Info] Search iteration 6
[Info] No more new weight, weight is 1
[Info] Using the following heuristic(s):
       FF heuristic 
       Landmark heuristic 
Conducting weighted A* search, weight is 1, bound is 446.
[LAMA] Best heuristic value: 250/534 priority: 0/0 [expanded 1 state(s)]
[LAMA] Best heuristic value: 248/534 priority: 0/0 [expanded 2 state(s)]
[LAMA] Best heuristic value: 236/521 priority: 4/3 [expanded 4 state(s)]
[LAMA] Best heuristic value: 234/521 priority: 4/4 [expanded 5 state(s)]
[LAMA] Best heuristic value: 229/521 priority: 8/7 [expanded 7 state(s)]
[LAMA] Best heuristic value: 227/521 priority: 9/8 [expanded 8 state(s)]
[LAMA] Best heuristic value: 227/508 priority: 171/170 [expanded 109 state(s)]
[LAMA] Best heuristic value: 222/508 priority: 185/185 [expanded 124 state(s)]
[LAMA] Best heuristic value: 221/496 priority: 363/362 [expanded 244 state(s)]
[LAMA] Best heuristic value: 216/496 priority: 367/367 [expanded 247 state(s)]
[LAMA] Best heuristic value: 214/496 priority: 367/367 [expanded 248 state(s)]
[LAMA] Best heuristic value: 214/483 priority: 1015/1015 [expanded 577 state(s)]
[LAMA] Best heuristic value: 209/483 priority: 1022/1022 [expanded 584 state(s)]
[LAMA] Best heuristic value: 207/483 priority: 1879/1879 [expanded 1259 state(s)]
[LAMA] Best heuristic value: 207/471 priority: 2435/2435 [expanded 1869 state(s)]
[LAMA] Best heuristic value: 207/398 priority: 3035/3034 [expanded 2255 state(s)]
[LAMA] Best heuristic value: 201/398 priority: 3053/3052 [expanded 2273 state(s)]
[LAMA] Best heuristic value: 201/388 priority: 3251/3251 [expanded 2490 state(s)]
[LAMA] Best heuristic value: 201/379 priority: 3749/3749 [expanded 2904 state(s)]
[LAMA] Best heuristic value: 201/369 priority: 5474/5474 [expanded 3499 state(s)]
[LAMA] Best heuristic value: 201/350 priority: 9626/9626 [expanded 6315 state(s)]
[LAMA] Best heuristic value: 196/350 priority: 9639/9639 [expanded 6338 state(s)]
[LAMA] Best heuristic value: 194/350 priority: 9645/9645 [expanded 6351 state(s)]
[LAMA] Best heuristic value: 194/340 priority: 11032/11032 [expanded 7361 state(s)]
[LAMA] Best heuristic value: 189/340 priority: 11041/11041 [expanded 7368 state(s)]
[LAMA] Best heuristic value: 189/331 priority: 13240/13240 [expanded 9410 state(s)]
[LAMA] Best heuristic value: 187/331 priority: 13316/13316 [expanded 9455 state(s)]
[LAMA] Best heuristic value: 187/321 priority: 13460/13460 [expanded 9552 state(s)]
[LAMA] Best heuristic value: 182/321 priority: 13465/13465 [expanded 9558 state(s)]
[LAMA] Best heuristic value: 180/321 priority: 13777/13777 [expanded 9855 state(s)]
[LAMA] Best heuristic value: 180/312 priority: 14044/14044 [expanded 10031 state(s)]
[LAMA] Best heuristic value: 176/312 priority: 14049/14049 [expanded 10037 state(s)]
[LAMA] Best heuristic value: 174/312 priority: 14058/14058 [expanded 10046 state(s)]
[LAMA] Best heuristic value: 174/302 priority: 14606/14606 [expanded 10406 state(s)]
[LAMA] Best heuristic value: 169/302 priority: 14611/14611 [expanded 10410 state(s)]
[LAMA] Best heuristic value: 167/302 priority: 15201/15201 [expanded 10940 state(s)]
[LAMA] Best heuristic value: 167/292 priority: 46127/46127 [expanded 33496 state(s)]
[LAMA] Best heuristic value: 162/292 priority: 46132/46132 [expanded 33501 state(s)]
[LAMA] Best heuristic value: 160/292 priority: 46325/46325 [expanded 33677 state(s)]
[LAMA] Best heuristic value: 160/283 priority: 69435/69435 [expanded 49104 state(s)]
[LAMA] Best heuristic value: 156/283 priority: 69440/69440 [expanded 49109 state(s)]
[LAMA] Best heuristic value: 154/283 priority: 69452/69452 [expanded 49123 state(s)]
[LAMA] Best heuristic value: 154/274 priority: 100602/100602 [expanded 70653 state(s)]
[LAMA] Best heuristic value: 154/264 priority: 100607/100607 [expanded 70659 state(s)]
[LAMA] Best heuristic value: 149/264 priority: 100617/100617 [expanded 70673 state(s)]
[LAMA] Best heuristic value: 147/264 priority: 100674/100674 [expanded 70746 state(s)]
[LAMA] Best heuristic value: 147/254 priority: 100781/100781 [expanded 70826 state(s)]
[LAMA] Best heuristic value: 142/254 priority: 100791/100791 [expanded 70835 state(s)]
[LAMA] Best heuristic value: 140/254 priority: 100943/100943 [expanded 70969 state(s)]
[LAMA] Best heuristic value: 140/245 priority: 101077/101077 [expanded 71096 state(s)]
[LAMA] Best heuristic value: 136/245 priority: 101086/101086 [expanded 71108 state(s)]
[LAMA] Best heuristic value: 134/245 priority: 101093/101093 [expanded 71118 state(s)]
[LAMA] Best heuristic value: 134/235 priority: 101433/101433 [expanded 71368 state(s)]
[LAMA] Best heuristic value: 129/235 priority: 101448/101448 [expanded 71377 state(s)]
[LAMA] Best heuristic value: 127/235 priority: 101813/101813 [expanded 71640 state(s)]
[LAMA] Best heuristic value: 127/234 priority: 102465/102465 [expanded 71930 state(s)]
[LAMA] Best heuristic value: 121/216 priority: 146347/146347 [expanded 103131 state(s)]
[LAMA] Best heuristic value: 116/216 priority: 146356/146356 [expanded 103142 state(s)]
[LAMA] Best heuristic value: 114/216 priority: 146366/146366 [expanded 103156 state(s)]
[LAMA] Best heuristic value: 114/206 priority: 147136/147136 [expanded 103632 state(s)]
[LAMA] Best heuristic value: 109/196 priority: 147151/147151 [expanded 103650 state(s)]
[LAMA] Best heuristic value: 107/196 priority: 147152/147152 [expanded 103651 state(s)]
[LAMA] Best heuristic value: 107/187 priority: 230972/230972 [expanded 157883 state(s)]
[LAMA] Best heuristic value: 102/177 priority: 230987/230987 [expanded 157891 state(s)]
[LAMA] Best heuristic value: 100/177 priority: 230988/230988 [expanded 157892 state(s)]
[LAMA] Best heuristic value: 96/177 priority: 231253/231253 [expanded 157990 state(s)]
[LAMA] Best heuristic value: 94/177 priority: 231262/231262 [expanded 157999 state(s)]
[LAMA] Best heuristic value: 94/168 priority: 231486/231486 [expanded 158174 state(s)]
[LAMA] Best heuristic value: 89/158 priority: 231501/231501 [expanded 158196 state(s)]
[LAMA] Best heuristic value: 87/158 priority: 231502/231502 [expanded 158197 state(s)]
[LAMA] Best heuristic value: 74/139 priority: 379945/379945 [expanded 257618 state(s)]
[LAMA] Best heuristic value: 61/120 priority: 379973/379973 [expanded 257645 state(s)]
[LAMA] Best heuristic value: 61/117 priority: 379974/379974 [expanded 257646 state(s)]
[LAMA] Best heuristic value: 54/101 priority: 583175/583175 [expanded 395629 state(s)]
[LAMA] Best heuristic value: 41/82 priority: 583197/583197 [expanded 395663 state(s)]
[LAMA] Best heuristic value: 41/79 priority: 583198/583198 [expanded 395666 state(s)]
[LAMA] Best heuristic value: 28/51 priority: 583790/583790 [expanded 396342 state(s)]
[LAMA] Best heuristic value: 23/41 priority: 583799/583799 [expanded 396351 state(s)]
[LAMA] Best heuristic value: 21/41 priority: 583800/583800 [expanded 396352 state(s)]
[LAMA] Best heuristic value: 15/23 priority: 583906/583906 [expanded 396400 state(s)]
[LAMA] Best heuristic value: 14/20 priority: 583907/583907 [expanded 396401 state(s)]
[LAMA] Best heuristic value: 7/10 priority: 583912/583912 [expanded 396404 state(s)]
