1. Running translator
Parsing...
2. Running preprocessor
3. Running search
1. Running translator
Parsing...
2. Running preprocessor
3. Running search
1. Running translator
Parsing...
2. Running preprocessor
3. Running search
1. Running translator
Parsing...
2. Running preprocessor
3. Running search
1. Running translator
Parsing...
2. Running preprocessor
3. Running search
1. Running translator
Parsing... [0.010s CPU, 0.005s wall-clock]
Instantiating...
Normalizing task... [0.000s CPU, 0.000s wall-clock]
Generating Datalog program... [0.000s CPU, 0.001s wall-clock]
Normalizing Datalog program...
Normalizing Datalog program: [0.000s CPU, 0.344s wall-clock]
Preparing model... [0.000s CPU, 0.001s wall-clock]
Generated 47 rules.
Computing model... [0.140s CPU, 0.131s wall-clock]
5505 relevant atoms
2128 auxiliary atoms
7633 final queue length
16641 total queue pushes
Completing instantiation... [0.470s CPU, 0.478s wall-clock]
Instantiating: [0.610s CPU, 0.963s wall-clock]
Computing fact groups...
Finding invariants... 11 initial candidates
[0.020s CPU, 0.018s wall-clock]
Checking invariant weight... [0.000s CPU, 0.000s wall-clock]
Instantiating groups... [0.000s CPU, 0.001s wall-clock]
Collecting mutex groups... [0.000s CPU, 0.000s wall-clock]
Choosing groups...
303 uncovered facts
Choosing groups: [0.000s CPU, 0.002s wall-clock]
Building translation key... [0.000s CPU, 0.001s wall-clock]
Computing fact groups: [0.020s CPU, 0.023s wall-clock]
Building STRIPS to SAS dictionary... [0.000s CPU, 0.001s wall-clock]
Building dictionary for full mutex groups... [0.000s CPU, 0.001s wall-clock]
Translating task...
Processing axioms...
Simplifying axioms... [0.000s CPU, 0.000s wall-clock]
Processing axioms: [0.020s CPU, 0.021s wall-clock]
Translating task: [0.270s CPU, 0.286s wall-clock]
1604 implied effects removed
0 effect conditions simplified
0 implied preconditions added
Building mutex information...
Building mutex information: [0.000s CPU, 0.004s wall-clock]
Detecting unreachable propositions...
164 operators removed
4 propositions removed
Detecting unreachable propositions: [0.060s CPU, 0.073s wall-clock]
Writing translation key... [0.000s CPU, 0.005s wall-clock]
Writing mutex key... [0.010s CPU, 0.006s wall-clock]
Writing output... [0.040s CPU, 0.069s wall-clock]
Done! [1.030s CPU, 1.464s wall-clock]
2. Running preprocessor
Building causal graph...
The causal graph is not acyclic.
322 variables of 322 necessary
4884 of 4884 operators necessary.
0 of 0 axiom rules necessary.
Building domain transition graphs...
solveable in poly time 0
Building successor generator...
Writing output...
done

3. Running search
Simplifying transitions... done!
Initializing HSP/FF heuristic...
Reading invariants from file...
done
Generating landmarks using the RPG/SAS+ approach
approx. reasonable orders
approx. obedient reasonable orders
Removed 0 reasonable or obedient reasonable orders
Generated 20 landmarks, of which 4 are disjunctive
          35 edges
10 initial landmarks, 2 goal landmarks
Landmarks generation time: 0.16 seconds
Search iteration 1
Using the following heuristic(s):
FF heuristic with preferred operators
Landmark heuristic with preferred operators
Initializing HSP/FF heuristic...
Initializing landmarks count heuristic...
Conducting best first search.
Best heuristic value: 90/182 [expanded 1 state(s)]
Best heuristic value: 88/182 [expanded 2 state(s)]
Best heuristic value: 76/169 [expanded 4 state(s)]
Best heuristic value: 74/169 [expanded 5 state(s)]
Best heuristic value: 61/144 [expanded 7 state(s)]
Best heuristic value: 48/107 [expanded 10 state(s)]
Best heuristic value: 48/94 [expanded 13 state(s)]
Best heuristic value: 43/94 [expanded 16 state(s)]
Best heuristic value: 41/94 [expanded 17 state(s)]
Best heuristic value: 28/69 [expanded 19 state(s)]
Best heuristic value: 28/66 [expanded 20 state(s)]
Best heuristic value: 23/53 [expanded 22 state(s)]
Best heuristic value: 21/53 [expanded 23 state(s)]
Best heuristic value: 8/16 [expanded 24 state(s)]
Best heuristic value: 7/13 [expanded 25 state(s)]
Solution found!
move-wood-at-table w2 pile raw natural basic empty half-full (12)
grabtool saw (2)
cut-wood w2 triangle natural basic (24)
laytool saw (2)
grabtool brush (2)
paint-wood w2 triangle blue basic (36)
laytool brush (2)
move-wood-at-table w1 pile raw natural basic half-full full (12)
grabtool saw (2)
cut-wood w1 hexagon natural basic (24)
laytool saw (2)
move-wood-from-table w2 finished-pile triangle blue basic full half-full (12)
grabtool brush (2)
paint-wood w1 hexagon red basic (36)
laytool brush (2)
move-wood-from-table w1 finished-pile hexagon red basic half-full empty (12)
Plan length: 16 step(s), cost: 184.
Expanded 26 state(s).
Generated 151 state(s).
Search time: 0 seconds
Total time: 0.18 seconds
Search iteration 2
Using the following heuristic(s):
FF heuristic with preferred operators
Landmark heuristic with preferred operators
Initializing landmarks count heuristic...
Conducting weighted A* search, weight is 5, bound is 184.
Best heuristic value: 90/182 [expanded 1 state(s)]
Best heuristic value: 88/182 [expanded 2 state(s)]
Best heuristic value: 76/169 [expanded 4 state(s)]
Best heuristic value: 74/169 [expanded 5 state(s)]
Best heuristic value: 69/156 [expanded 7 state(s)]
Best heuristic value: 67/156 [expanded 8 state(s)]
Best heuristic value: 54/131 [expanded 10 state(s)]
Best heuristic value: 41/106 [expanded 13 state(s)]
Best heuristic value: 41/103 [expanded 14 state(s)]
Best heuristic value: 28/66 [expanded 16 state(s)]
Best heuristic value: 23/53 [expanded 18 state(s)]
Best heuristic value: 21/53 [expanded 19 state(s)]
Best heuristic value: 8/16 [expanded 20 state(s)]
Best heuristic value: 7/13 [expanded 21 state(s)]
Solution found!
move-wood-at-table w2 pile raw natural basic empty half-full (12)
move-wood-at-table w1 pile raw natural basic half-full full (12)
grabtool saw (2)
cut-wood w2 triangle natural basic (24)
cut-wood w1 hexagon natural basic (24)
laytool saw (2)
grabtool brush (2)
paint-wood w1 hexagon red basic (36)
laytool brush (2)
move-wood-from-table w1 finished-pile hexagon red basic full half-full (12)
grabtool brush (2)
paint-wood w2 triangle blue basic (36)
laytool brush (2)
move-wood-from-table w2 finished-pile triangle blue basic half-full empty (12)
Plan length: 14 step(s), cost: 180.
Expanded 22 state(s).
Generated 150 state(s).
Search time: 0.02 seconds
Total time: 0.2 seconds
Search iteration 3
Using the following heuristic(s):
FF heuristic with preferred operators
Landmark heuristic with preferred operators
Initializing landmarks count heuristic...
Conducting weighted A* search, weight is 3, bound is 180.
Best heuristic value: 90/182 [expanded 1 state(s)]
Best heuristic value: 88/182 [expanded 2 state(s)]
Best heuristic value: 76/169 [expanded 4 state(s)]
Best heuristic value: 74/169 [expanded 5 state(s)]
Best heuristic value: 69/156 [expanded 7 state(s)]
Best heuristic value: 67/156 [expanded 8 state(s)]
Best heuristic value: 54/131 [expanded 10 state(s)]
Best heuristic value: 41/106 [expanded 13 state(s)]
Best heuristic value: 41/103 [expanded 14 state(s)]
Best heuristic value: 28/66 [expanded 16 state(s)]
Best heuristic value: 23/53 [expanded 18 state(s)]
Best heuristic value: 21/53 [expanded 19 state(s)]
Best heuristic value: 8/16 [expanded 20 state(s)]
Best heuristic value: 7/13 [expanded 21 state(s)]
Solution found!
move-wood-at-table w2 pile raw natural basic empty half-full (12)
move-wood-at-table w1 pile raw natural basic half-full full (12)
grabtool saw (2)
cut-wood w2 triangle natural basic (24)
cut-wood w1 hexagon natural basic (24)
laytool saw (2)
grabtool brush (2)
paint-wood w1 hexagon red basic (36)
paint-wood w2 triangle blue basic (36)
laytool brush (2)
move-wood-from-table w1 finished-pile hexagon red basic full half-full (12)
move-wood-from-table w2 finished-pile triangle blue basic half-full empty (12)
Plan length: 12 step(s), cost: 176.
Expanded 24 state(s).
Generated 173 state(s).
Search time: 0 seconds
Total time: 0.2 seconds
Search iteration 4
Using the following heuristic(s):
FF heuristic with preferred operators
Landmark heuristic with preferred operators
Initializing landmarks count heuristic...
Conducting weighted A* search, weight is 2, bound is 176.
Best heuristic value: 90/182 [expanded 1 state(s)]
Best heuristic value: 88/182 [expanded 2 state(s)]
Best heuristic value: 76/169 [expanded 4 state(s)]
Best heuristic value: 74/169 [expanded 5 state(s)]
Best heuristic value: 69/156 [expanded 7 state(s)]
Best heuristic value: 67/156 [expanded 8 state(s)]
Best heuristic value: 54/131 [expanded 10 state(s)]
Best heuristic value: 41/106 [expanded 13 state(s)]
Best heuristic value: 41/103 [expanded 14 state(s)]
Best heuristic value: 28/66 [expanded 16 state(s)]
Best heuristic value: 23/53 [expanded 18 state(s)]
Best heuristic value: 21/53 [expanded 19 state(s)]
Best heuristic value: 8/16 [expanded 20 state(s)]
Best heuristic value: 7/13 [expanded 22 state(s)]
Best heuristic value: 7/10 [expanded 5870 state(s)]
Solution found!
upgrade-robot basic advanced (40)
move-wood-at-table w2 pile raw natural advanced empty half-full (9)
move-wood-at-table w1 pile raw natural advanced half-full full (9)
grabtool saw (2)
cut-wood w1 hexagon natural advanced (18)
cut-wood w2 triangle natural advanced (18)
laytool saw (2)
grabtool brush (2)
paint-wood w2 triangle blue advanced (27)
paint-wood w1 hexagon red advanced (27)
laytool brush (2)
move-wood-from-table w1 finished-pile hexagon red advanced full half-full (9)
move-wood-from-table w2 finished-pile triangle blue advanced half-full empty (9)
Plan length: 13 step(s), cost: 174.
Expanded 15302 state(s).
Generated 164220 state(s).
Search time: 8.46 seconds
Total time: 8.66 seconds
Search iteration 5
Using the following heuristic(s):
FF heuristic 
Landmark heuristic 
Initializing landmarks count heuristic...
Conducting weighted A* search, weight is 1, bound is 174.
Best heuristic value: 90/182 [expanded 1 state(s)]
Best heuristic value: 88/182 [expanded 2 state(s)]
Best heuristic value: 83/182 [expanded 4 state(s)]
Best heuristic value: 81/182 [expanded 6 state(s)]
Best heuristic value: 76/169 [expanded 7 state(s)]
Best heuristic value: 74/169 [expanded 8 state(s)]
Best heuristic value: 69/156 [expanded 11 state(s)]
Best heuristic value: 67/156 [expanded 12 state(s)]
Best heuristic value: 54/131 [expanded 102 state(s)]
Best heuristic value: 41/106 [expanded 119 state(s)]
Best heuristic value: 41/103 [expanded 121 state(s)]
Best heuristic value: 41/94 [expanded 851 state(s)]
Best heuristic value: 36/81 [expanded 858 state(s)]
Best heuristic value: 34/81 [expanded 859 state(s)]
Best heuristic value: 28/69 [expanded 881 state(s)]
Best heuristic value: 28/66 [expanded 882 state(s)]
Best heuristic value: 23/53 [expanded 888 state(s)]
Best heuristic value: 21/53 [expanded 889 state(s)]
Best heuristic value: 21/51 [expanded 2278 state(s)]
Best heuristic value: 21/41 [expanded 2294 state(s)]
Best heuristic value: 15/23 [expanded 2443 state(s)]
Best heuristic value: 14/20 [expanded 2444 state(s)]
Best heuristic value: 7/10 [expanded 2449 state(s)]
