1. Running translator
Parsing... [0.000s CPU, 0.003s wall-clock]
Instantiating...
Normalizing task... [0.000s CPU, 0.001s wall-clock]
Generating Datalog program... [0.000s CPU, 0.001s wall-clock]
Normalizing Datalog program...
Normalizing Datalog program: [0.000s CPU, 0.003s wall-clock]
Preparing model... [0.000s CPU, 0.001s wall-clock]
Generated 47 rules.
Computing model... [0.140s CPU, 0.141s wall-clock]
5505 relevant atoms
2128 auxiliary atoms
7633 final queue length
16641 total queue pushes
Completing instantiation... [0.500s CPU, 0.522s wall-clock]
Instantiating: [0.660s CPU, 0.673s wall-clock]
Computing fact groups...
Finding invariants... 11 initial candidates
[0.010s CPU, 0.018s wall-clock]
Checking invariant weight... [0.010s CPU, 0.000s wall-clock]
Instantiating groups... [0.000s CPU, 0.001s wall-clock]
Collecting mutex groups... [0.000s CPU, 0.000s wall-clock]
Choosing groups...
303 uncovered facts
Choosing groups: [0.000s CPU, 0.002s wall-clock]
Building translation key... [0.000s CPU, 0.001s wall-clock]
Computing fact groups: [0.020s CPU, 0.022s wall-clock]
Building STRIPS to SAS dictionary... [0.000s CPU, 0.001s wall-clock]
Building dictionary for full mutex groups... [0.000s CPU, 0.001s wall-clock]
Translating task...
Processing axioms...
Simplifying axioms... [0.000s CPU, 0.000s wall-clock]
Processing axioms: [0.020s CPU, 0.024s wall-clock]
Translating task: [0.270s CPU, 0.285s wall-clock]
1604 implied effects removed
0 effect conditions simplified
0 implied preconditions added
Building mutex information...
Building mutex information: [0.000s CPU, 0.001s wall-clock]
Detecting unreachable propositions...
164 operators removed
4 propositions removed
Detecting unreachable propositions: [0.060s CPU, 0.062s wall-clock]
Writing translation key... [0.000s CPU, 0.001s wall-clock]
Writing mutex key... [0.010s CPU, 0.003s wall-clock]
Writing output... [0.030s CPU, 0.048s wall-clock]
Done! [1.070s CPU, 1.175s wall-clock]
2. Running preprocessor
Building causal graph...
The causal graph is not acyclic.
322 variables of 322 necessary
4884 of 4884 operators necessary.
0 of 0 axiom rules necessary.
Building domain transition graphs...
solveable in poly time 0
Building successor generator...
Writing output...
done

3. Running search
Simplifying transitions... done!
Initializing HSP/FF heuristic...
Reading invariants from file...
done
Generating landmarks using the RPG/SAS+ approach
approx. reasonable orders
approx. obedient reasonable orders
Removed 0 reasonable or obedient reasonable orders
Generated 44 landmarks, of which 7 are disjunctive
          83 edges
22 initial landmarks, 5 goal landmarks
Landmarks generation time: 0.18 seconds
Search iteration 1
Using the following heuristic(s):
FF heuristic with preferred operators
Landmark heuristic with preferred operators
Initializing HSP/FF heuristic...
Initializing landmarks count heuristic...
Conducting best first search.
Best heuristic value: 210/446 [expanded 1 state(s)]
Best heuristic value: 208/446 [expanded 2 state(s)]
Best heuristic value: 196/433 [expanded 4 state(s)]
Best heuristic value: 194/433 [expanded 5 state(s)]
Best heuristic value: 181/408 [expanded 7 state(s)]
Best heuristic value: 168/371 [expanded 10 state(s)]
Best heuristic value: 163/371 [expanded 13 state(s)]
Best heuristic value: 161/371 [expanded 14 state(s)]
Best heuristic value: 161/358 [expanded 15 state(s)]
Best heuristic value: 148/334 [expanded 17 state(s)]
Best heuristic value: 135/309 [expanded 20 state(s)]
Best heuristic value: 130/283 [expanded 23 state(s)]
Best heuristic value: 128/283 [expanded 24 state(s)]
Best heuristic value: 123/283 [expanded 26 state(s)]
Best heuristic value: 121/283 [expanded 27 state(s)]
Best heuristic value: 108/246 [expanded 29 state(s)]
Best heuristic value: 95/221 [expanded 32 state(s)]
Best heuristic value: 90/195 [expanded 36 state(s)]
Best heuristic value: 88/195 [expanded 37 state(s)]
Best heuristic value: 83/195 [expanded 39 state(s)]
Best heuristic value: 81/195 [expanded 40 state(s)]
Best heuristic value: 68/158 [expanded 42 state(s)]
Best heuristic value: 55/133 [expanded 45 state(s)]
Best heuristic value: 50/107 [expanded 48 state(s)]
Best heuristic value: 48/107 [expanded 49 state(s)]
Best heuristic value: 43/94 [expanded 51 state(s)]
Best heuristic value: 41/94 [expanded 52 state(s)]
Best heuristic value: 28/69 [expanded 54 state(s)]
Best heuristic value: 28/66 [expanded 55 state(s)]
Best heuristic value: 23/53 [expanded 57 state(s)]
Best heuristic value: 21/53 [expanded 58 state(s)]
Best heuristic value: 8/16 [expanded 59 state(s)]
Best heuristic value: 7/13 [expanded 60 state(s)]
Solution found!
move-wood-at-table w3 pile raw natural basic empty half-full (12)
grabtool saw (2)
cut-wood w3 circle natural basic (24)
laytool saw (2)
grabtool brush (2)
paint-wood w3 circle yellow basic (36)
laytool brush (2)
move-wood-at-table w4 pile raw natural basic half-full full (12)
grabtool brush (2)
paint-wood w4 raw blue basic (36)
laytool brush (2)
grabtool saw (2)
cut-wood w4 circle blue basic (24)
laytool saw (2)
move-wood-from-table w3 finished-pile circle yellow basic full half-full (12)
move-wood-at-table w2 pile raw natural basic half-full full (12)
grabtool brush (2)
paint-wood w2 raw blue basic (36)
laytool brush (2)
grabtool saw (2)
cut-wood w2 triangle blue basic (24)
laytool saw (2)
move-wood-from-table w2 finished-pile triangle blue basic full half-full (12)
move-wood-at-table w5 pile raw natural basic half-full full (12)
grabtool brush (2)
paint-wood w5 raw red basic (36)
laytool brush (2)
grabtool saw (2)
cut-wood w5 hexagon red basic (24)
laytool saw (2)
move-wood-from-table w4 finished-pile circle blue basic full half-full (12)
move-wood-at-table w1 pile raw natural basic half-full full (12)
grabtool saw (2)
cut-wood w1 hexagon natural basic (24)
laytool saw (2)
move-wood-from-table w5 finished-pile hexagon red basic full half-full (12)
grabtool brush (2)
paint-wood w1 hexagon red basic (36)
laytool brush (2)
move-wood-from-table w1 finished-pile hexagon red basic half-full empty (12)
Plan length: 40 step(s), cost: 460.
Expanded 61 state(s).
Generated 359 state(s).
Search time: 0.02 seconds
Total time: 0.2 seconds
Search iteration 2
Using the following heuristic(s):
FF heuristic with preferred operators
Landmark heuristic with preferred operators
Initializing landmarks count heuristic...
Conducting weighted A* search, weight is 5, bound is 460.
Best heuristic value: 210/446 [expanded 1 state(s)]
Best heuristic value: 208/446 [expanded 2 state(s)]
Best heuristic value: 196/433 [expanded 4 state(s)]
Best heuristic value: 194/433 [expanded 5 state(s)]
Best heuristic value: 189/433 [expanded 7 state(s)]
Best heuristic value: 187/433 [expanded 8 state(s)]
Best heuristic value: 174/408 [expanded 21 state(s)]
Best heuristic value: 161/383 [expanded 26 state(s)]
Best heuristic value: 148/346 [expanded 31 state(s)]
Best heuristic value: 143/320 [expanded 34 state(s)]
Best heuristic value: 141/320 [expanded 35 state(s)]
Best heuristic value: 136/320 [expanded 37 state(s)]
Best heuristic value: 134/320 [expanded 38 state(s)]
Best heuristic value: 121/295 [expanded 46 state(s)]
Best heuristic value: 108/258 [expanded 51 state(s)]
Best heuristic value: 103/232 [expanded 54 state(s)]
Best heuristic value: 101/232 [expanded 55 state(s)]
Best heuristic value: 96/232 [expanded 57 state(s)]
Best heuristic value: 94/232 [expanded 58 state(s)]
Best heuristic value: 81/207 [expanded 63 state(s)]
Best heuristic value: 68/170 [expanded 68 state(s)]
Best heuristic value: 63/144 [expanded 71 state(s)]
Best heuristic value: 61/144 [expanded 72 state(s)]
Best heuristic value: 56/131 [expanded 74 state(s)]
Best heuristic value: 54/131 [expanded 75 state(s)]
Best heuristic value: 41/106 [expanded 77 state(s)]
Best heuristic value: 41/103 [expanded 78 state(s)]
Best heuristic value: 28/66 [expanded 80 state(s)]
Best heuristic value: 23/53 [expanded 82 state(s)]
Best heuristic value: 21/53 [expanded 83 state(s)]
Best heuristic value: 8/16 [expanded 84 state(s)]
Best heuristic value: 7/13 [expanded 85 state(s)]
Solution found!
move-wood-at-table w3 pile raw natural basic empty half-full (12)
move-wood-at-table w2 pile raw natural basic half-full full (12)
grabtool saw (2)
cut-wood w2 triangle natural basic (24)
cut-wood w3 circle natural basic (24)
laytool saw (2)
grabtool brush (2)
paint-wood w2 triangle blue basic (36)
laytool brush (2)
move-wood-from-table w2 finished-pile triangle blue basic full half-full (12)
move-wood-at-table w1 pile raw natural basic half-full full (12)
grabtool saw (2)
cut-wood w1 hexagon natural basic (24)
laytool saw (2)
grabtool brush (2)
paint-wood w1 hexagon red basic (36)
laytool brush (2)
move-wood-from-table w1 finished-pile hexagon red basic full half-full (12)
move-wood-at-table w5 pile raw natural basic half-full full (12)
grabtool saw (2)
cut-wood w5 hexagon natural basic (24)
laytool saw (2)
grabtool brush (2)
paint-wood w5 hexagon red basic (36)
laytool brush (2)
move-wood-from-table w5 finished-pile hexagon red basic full half-full (12)
move-wood-at-table w4 pile raw natural basic half-full full (12)
grabtool saw (2)
cut-wood w4 circle natural basic (24)
laytool saw (2)
grabtool brush (2)
paint-wood w3 circle yellow basic (36)
laytool brush (2)
move-wood-from-table w3 finished-pile circle yellow basic full half-full (12)
grabtool brush (2)
paint-wood w4 circle blue basic (36)
laytool brush (2)
move-wood-from-table w4 finished-pile circle blue basic half-full empty (12)
Plan length: 38 step(s), cost: 456.
Expanded 86 state(s).
Generated 623 state(s).
Search time: 0.06 seconds
Total time: 0.26 seconds
Search iteration 3
Using the following heuristic(s):
FF heuristic with preferred operators
Landmark heuristic with preferred operators
Initializing landmarks count heuristic...
Conducting weighted A* search, weight is 3, bound is 456.
Best heuristic value: 210/446 [expanded 1 state(s)]
Best heuristic value: 208/446 [expanded 2 state(s)]
Best heuristic value: 196/433 [expanded 4 state(s)]
Best heuristic value: 194/433 [expanded 5 state(s)]
Best heuristic value: 189/433 [expanded 7 state(s)]
Best heuristic value: 187/433 [expanded 8 state(s)]
Best heuristic value: 174/408 [expanded 21 state(s)]
Best heuristic value: 161/383 [expanded 26 state(s)]
Best heuristic value: 148/346 [expanded 32 state(s)]
Best heuristic value: 143/320 [expanded 35 state(s)]
Best heuristic value: 141/320 [expanded 36 state(s)]
Best heuristic value: 136/320 [expanded 38 state(s)]
Best heuristic value: 134/320 [expanded 39 state(s)]
Best heuristic value: 121/295 [expanded 47 state(s)]
Best heuristic value: 108/258 [expanded 65 state(s)]
Best heuristic value: 103/232 [expanded 68 state(s)]
Best heuristic value: 101/232 [expanded 69 state(s)]
Best heuristic value: 96/232 [expanded 71 state(s)]
Best heuristic value: 94/232 [expanded 72 state(s)]
Best heuristic value: 81/207 [expanded 77 state(s)]
Best heuristic value: 68/170 [expanded 89 state(s)]
Best heuristic value: 63/144 [expanded 92 state(s)]
Best heuristic value: 61/144 [expanded 93 state(s)]
Best heuristic value: 56/131 [expanded 95 state(s)]
Best heuristic value: 54/131 [expanded 96 state(s)]
Best heuristic value: 41/106 [expanded 98 state(s)]
Best heuristic value: 41/103 [expanded 99 state(s)]
Best heuristic value: 28/66 [expanded 101 state(s)]
Best heuristic value: 23/53 [expanded 103 state(s)]
Best heuristic value: 21/53 [expanded 104 state(s)]
Best heuristic value: 8/16 [expanded 105 state(s)]
Best heuristic value: 7/13 [expanded 106 state(s)]
Solution found!
move-wood-at-table w3 pile raw natural basic empty half-full (12)
move-wood-at-table w2 pile raw natural basic half-full full (12)
grabtool saw (2)
cut-wood w2 triangle natural basic (24)
cut-wood w3 circle natural basic (24)
laytool saw (2)
grabtool brush (2)
paint-wood w2 triangle blue basic (36)
laytool brush (2)
move-wood-from-table w2 finished-pile triangle blue basic full half-full (12)
move-wood-at-table w4 pile raw natural basic half-full full (12)
grabtool saw (2)
cut-wood w4 circle natural basic (24)
laytool saw (2)
grabtool brush (2)
paint-wood w3 circle yellow basic (36)
laytool brush (2)
move-wood-from-table w3 finished-pile circle yellow basic full half-full (12)
move-wood-at-table w1 pile raw natural basic half-full full (12)
grabtool saw (2)
cut-wood w1 hexagon natural basic (24)
laytool saw (2)
grabtool brush (2)
paint-wood w1 hexagon red basic (36)
laytool brush (2)
move-wood-from-table w1 finished-pile hexagon red basic full half-full (12)
move-wood-at-table w5 pile raw natural basic half-full full (12)
grabtool saw (2)
cut-wood w5 hexagon natural basic (24)
laytool saw (2)
grabtool brush (2)
paint-wood w4 circle blue basic (36)
paint-wood w5 hexagon red basic (36)
laytool brush (2)
move-wood-from-table w4 finished-pile circle blue basic full half-full (12)
move-wood-from-table w5 finished-pile hexagon red basic half-full empty (12)
Plan length: 36 step(s), cost: 452.
Expanded 109 state(s).
Generated 766 state(s).
Search time: 0.04 seconds
Total time: 0.3 seconds
Search iteration 4
Using the following heuristic(s):
FF heuristic with preferred operators
Landmark heuristic with preferred operators
Initializing landmarks count heuristic...
Conducting weighted A* search, weight is 2, bound is 452.
Best heuristic value: 210/446 [expanded 1 state(s)]
Best heuristic value: 208/446 [expanded 2 state(s)]
Best heuristic value: 196/433 [expanded 4 state(s)]
Best heuristic value: 194/433 [expanded 5 state(s)]
Best heuristic value: 189/433 [expanded 7 state(s)]
Best heuristic value: 187/433 [expanded 8 state(s)]
Best heuristic value: 174/408 [expanded 34 state(s)]
Best heuristic value: 161/383 [expanded 39 state(s)]
Best heuristic value: 148/346 [expanded 349 state(s)]
Best heuristic value: 143/320 [expanded 352 state(s)]
Best heuristic value: 141/320 [expanded 353 state(s)]
Best heuristic value: 136/320 [expanded 355 state(s)]
Best heuristic value: 134/320 [expanded 356 state(s)]
Best heuristic value: 121/295 [expanded 364 state(s)]
Best heuristic value: 108/258 [expanded 1132 state(s)]
Best heuristic value: 103/232 [expanded 1136 state(s)]
Best heuristic value: 101/232 [expanded 1137 state(s)]
Best heuristic value: 96/232 [expanded 1139 state(s)]
Best heuristic value: 94/232 [expanded 1140 state(s)]
Best heuristic value: 81/207 [expanded 1145 state(s)]
Best heuristic value: 68/170 [expanded 1157 state(s)]
Best heuristic value: 63/144 [expanded 1164 state(s)]
Best heuristic value: 61/144 [expanded 1166 state(s)]
Best heuristic value: 56/131 [expanded 1170 state(s)]
Best heuristic value: 54/131 [expanded 1172 state(s)]
Best heuristic value: 41/106 [expanded 1177 state(s)]
Best heuristic value: 41/103 [expanded 1179 state(s)]
Best heuristic value: 28/66 [expanded 1184 state(s)]
Best heuristic value: 23/53 [expanded 1186 state(s)]
Best heuristic value: 21/53 [expanded 1187 state(s)]
Best heuristic value: 8/16 [expanded 1189 state(s)]
Best heuristic value: 7/13 [expanded 1190 state(s)]
Solution found!
move-wood-at-table w1 pile raw natural basic empty half-full (12)
move-wood-at-table w4 pile raw natural basic half-full full (12)
grabtool saw (2)
cut-wood w4 circle natural basic (24)
cut-wood w1 hexagon natural basic (24)
laytool saw (2)
grabtool brush (2)
paint-wood w4 circle blue basic (36)
paint-wood w1 hexagon red basic (36)
laytool brush (2)
move-wood-from-table w4 finished-pile circle blue basic full half-full (12)
move-wood-at-table w2 pile raw natural basic half-full full (12)
move-wood-from-table w1 finished-pile hexagon red basic full half-full (12)
move-wood-at-table w5 pile raw natural basic half-full full (12)
grabtool saw (2)
cut-wood w5 hexagon natural basic (24)
cut-wood w2 triangle natural basic (24)
laytool saw (2)
grabtool brush (2)
paint-wood w5 hexagon red basic (36)
laytool brush (2)
move-wood-from-table w5 finished-pile hexagon red basic full half-full (12)
move-wood-at-table w3 pile raw natural basic half-full full (12)
grabtool saw (2)
cut-wood w3 circle natural basic (24)
laytool saw (2)
grabtool brush (2)
paint-wood w3 circle yellow basic (36)
laytool brush (2)
move-wood-from-table w3 finished-pile circle yellow basic full half-full (12)
grabtool brush (2)
paint-wood w2 triangle blue basic (36)
laytool brush (2)
move-wood-from-table w2 finished-pile triangle blue basic half-full empty (12)
Plan length: 34 step(s), cost: 448.
Expanded 2182 state(s).
Generated 16862 state(s).
Search time: 1.2 seconds
Total time: 1.5 seconds
Search iteration 5
Using the following heuristic(s):
FF heuristic 
Landmark heuristic 
Initializing landmarks count heuristic...
Conducting weighted A* search, weight is 1, bound is 448.
Best heuristic value: 210/446 [expanded 1 state(s)]
Best heuristic value: 208/446 [expanded 2 state(s)]
Best heuristic value: 196/433 [expanded 4 state(s)]
Best heuristic value: 194/433 [expanded 5 state(s)]
Best heuristic value: 189/433 [expanded 7 state(s)]
Best heuristic value: 187/433 [expanded 8 state(s)]
Best heuristic value: 187/420 [expanded 103 state(s)]
Best heuristic value: 182/420 [expanded 106 state(s)]
Best heuristic value: 181/408 [expanded 231 state(s)]
Best heuristic value: 176/408 [expanded 234 state(s)]
Best heuristic value: 174/408 [expanded 235 state(s)]
Best heuristic value: 174/395 [expanded 468 state(s)]
Best heuristic value: 169/395 [expanded 471 state(s)]
Best heuristic value: 167/395 [expanded 917 state(s)]
Best heuristic value: 167/383 [expanded 1488 state(s)]
Best heuristic value: 167/331 [expanded 2027 state(s)]
Best heuristic value: 161/331 [expanded 2042 state(s)]
Best heuristic value: 161/321 [expanded 2208 state(s)]
Best heuristic value: 161/312 [expanded 2430 state(s)]
Best heuristic value: 161/302 [expanded 3013 state(s)]
Best heuristic value: 161/283 [expanded 4807 state(s)]
Best heuristic value: 156/283 [expanded 4814 state(s)]
Best heuristic value: 154/283 [expanded 4830 state(s)]
Best heuristic value: 154/273 [expanded 5615 state(s)]
Best heuristic value: 149/273 [expanded 5618 state(s)]
Best heuristic value: 149/264 [expanded 6766 state(s)]
Best heuristic value: 147/264 [expanded 6831 state(s)]
Best heuristic value: 147/254 [expanded 6928 state(s)]
Best heuristic value: 142/254 [expanded 6934 state(s)]
Best heuristic value: 140/254 [expanded 7152 state(s)]
Best heuristic value: 140/245 [expanded 7378 state(s)]
Best heuristic value: 136/245 [expanded 7386 state(s)]
Best heuristic value: 134/245 [expanded 7403 state(s)]
Best heuristic value: 134/235 [expanded 7627 state(s)]
Best heuristic value: 129/235 [expanded 7631 state(s)]
Best heuristic value: 127/235 [expanded 7974 state(s)]
Best heuristic value: 127/234 [expanded 19947 state(s)]
Best heuristic value: 127/225 [expanded 21544 state(s)]
Best heuristic value: 122/215 [expanded 21553 state(s)]
Best heuristic value: 120/215 [expanded 21554 state(s)]
Best heuristic value: 116/215 [expanded 30455 state(s)]
Best heuristic value: 114/215 [expanded 30471 state(s)]
Best heuristic value: 114/207 [expanded 42457 state(s)]
Best heuristic value: 114/197 [expanded 42461 state(s)]
Best heuristic value: 109/197 [expanded 42465 state(s)]
Best heuristic value: 107/197 [expanded 42491 state(s)]
Best heuristic value: 107/187 [expanded 42514 state(s)]
Best heuristic value: 102/177 [expanded 42518 state(s)]
Best heuristic value: 100/177 [expanded 42519 state(s)]
Best heuristic value: 96/177 [expanded 42717 state(s)]
Best heuristic value: 94/177 [expanded 42725 state(s)]
Best heuristic value: 94/168 [expanded 42809 state(s)]
Best heuristic value: 89/158 [expanded 42813 state(s)]
Best heuristic value: 87/158 [expanded 42814 state(s)]
Best heuristic value: 74/139 [expanded 43428 state(s)]
Best heuristic value: 61/120 [expanded 43443 state(s)]
Best heuristic value: 61/117 [expanded 43444 state(s)]
Best heuristic value: 54/101 [expanded 81019 state(s)]
Best heuristic value: 41/82 [expanded 81042 state(s)]
Best heuristic value: 41/79 [expanded 81043 state(s)]
Best heuristic value: 28/51 [expanded 161261 state(s)]
Best heuristic value: 23/41 [expanded 161265 state(s)]
Best heuristic value: 21/41 [expanded 161266 state(s)]
Best heuristic value: 15/23 [expanded 161354 state(s)]
Best heuristic value: 14/20 [expanded 161355 state(s)]
Best heuristic value: 7/10 [expanded 161358 state(s)]
Solution found!
upgrade-robot basic advanced (40)
move-wood-at-table w2 pile raw natural advanced empty half-full (9)
move-wood-at-table w3 pile raw natural advanced half-full full (9)
grabtool brush (2)
paint-wood w2 raw blue advanced (27)
paint-wood w3 raw yellow advanced (27)
laytool brush (2)
grabtool saw (2)
cut-wood w2 triangle blue advanced (18)
cut-wood w3 circle yellow advanced (18)
laytool saw (2)
move-wood-from-table w3 finished-pile circle yellow advanced full half-full (9)
move-wood-from-table w2 finished-pile triangle blue advanced half-full empty (9)
move-wood-at-table w4 pile raw natural advanced empty half-full (9)
grabtool brush (2)
paint-wood w4 raw blue advanced (27)
laytool brush (2)
grabtool saw (2)
cut-wood w4 circle blue advanced (18)
laytool saw (2)
move-wood-from-table w4 finished-pile circle blue advanced half-full empty (9)
move-wood-at-table w5 pile raw natural advanced empty half-full (9)
move-wood-at-table w1 pile raw natural advanced half-full full (9)
grabtool saw (2)
cut-wood w1 hexagon natural advanced (18)
cut-wood w5 hexagon natural advanced (18)
laytool saw (2)
grabtool brush (2)
paint-wood w1 hexagon red advanced (27)
paint-wood w5 hexagon red advanced (27)
laytool brush (2)
move-wood-from-table w5 finished-pile hexagon red advanced full half-full (9)
move-wood-from-table w1 finished-pile hexagon red advanced half-full empty (9)
Plan length: 33 step(s), cost: 379.
Expanded 161366 state(s).
Generated 2301039 state(s).
Search time: 95.86 seconds
Total time: 97.36 seconds
Search iteration 6
No more new weight, weight is 1
Using the following heuristic(s):
FF heuristic 
Landmark heuristic 
Initializing landmarks count heuristic...
Conducting weighted A* search, weight is 1, bound is 379.
Best heuristic value: 210/446 [expanded 1 state(s)]
Best heuristic value: 208/446 [expanded 2 state(s)]
Best heuristic value: 196/433 [expanded 4 state(s)]
Best heuristic value: 194/433 [expanded 5 state(s)]
Best heuristic value: 189/433 [expanded 7 state(s)]
Best heuristic value: 187/433 [expanded 8 state(s)]
Best heuristic value: 187/420 [expanded 103 state(s)]
Best heuristic value: 182/420 [expanded 106 state(s)]
Best heuristic value: 181/408 [expanded 231 state(s)]
Best heuristic value: 176/408 [expanded 234 state(s)]
Best heuristic value: 174/408 [expanded 235 state(s)]
Best heuristic value: 174/395 [expanded 468 state(s)]
Best heuristic value: 169/395 [expanded 471 state(s)]
Best heuristic value: 167/395 [expanded 917 state(s)]
Best heuristic value: 167/383 [expanded 1488 state(s)]
Best heuristic value: 167/331 [expanded 2027 state(s)]
Best heuristic value: 161/331 [expanded 2042 state(s)]
Best heuristic value: 161/321 [expanded 2208 state(s)]
Best heuristic value: 161/312 [expanded 2430 state(s)]
Best heuristic value: 161/302 [expanded 3013 state(s)]
Best heuristic value: 161/283 [expanded 4807 state(s)]
Best heuristic value: 156/283 [expanded 4814 state(s)]
Best heuristic value: 154/283 [expanded 4830 state(s)]
Best heuristic value: 154/273 [expanded 5615 state(s)]
Best heuristic value: 149/273 [expanded 5618 state(s)]
Best heuristic value: 149/264 [expanded 6766 state(s)]
Best heuristic value: 147/264 [expanded 6831 state(s)]
Best heuristic value: 147/254 [expanded 6928 state(s)]
Best heuristic value: 142/254 [expanded 6934 state(s)]
Best heuristic value: 140/254 [expanded 7152 state(s)]
Best heuristic value: 140/245 [expanded 7378 state(s)]
Best heuristic value: 136/245 [expanded 7386 state(s)]
Best heuristic value: 134/245 [expanded 7403 state(s)]
Best heuristic value: 134/235 [expanded 7627 state(s)]
Best heuristic value: 129/235 [expanded 7631 state(s)]
Best heuristic value: 127/235 [expanded 7974 state(s)]
Best heuristic value: 127/234 [expanded 19947 state(s)]
Best heuristic value: 127/225 [expanded 21544 state(s)]
Best heuristic value: 122/215 [expanded 21553 state(s)]
Best heuristic value: 120/215 [expanded 21554 state(s)]
Best heuristic value: 116/215 [expanded 30455 state(s)]
Best heuristic value: 114/215 [expanded 30471 state(s)]
Best heuristic value: 114/207 [expanded 42457 state(s)]
Best heuristic value: 114/197 [expanded 42461 state(s)]
Best heuristic value: 109/197 [expanded 42465 state(s)]
Best heuristic value: 107/197 [expanded 42491 state(s)]
Best heuristic value: 107/187 [expanded 42514 state(s)]
Best heuristic value: 102/177 [expanded 42518 state(s)]
Best heuristic value: 100/177 [expanded 42519 state(s)]
Best heuristic value: 96/177 [expanded 42717 state(s)]
Best heuristic value: 94/177 [expanded 42725 state(s)]
Best heuristic value: 94/168 [expanded 42809 state(s)]
Best heuristic value: 89/158 [expanded 42813 state(s)]
Best heuristic value: 87/158 [expanded 42814 state(s)]
Best heuristic value: 74/139 [expanded 43428 state(s)]
Best heuristic value: 61/120 [expanded 43443 state(s)]
Best heuristic value: 61/117 [expanded 43444 state(s)]
Best heuristic value: 54/101 [expanded 81019 state(s)]
Best heuristic value: 41/82 [expanded 81042 state(s)]
Best heuristic value: 41/79 [expanded 81043 state(s)]
Best heuristic value: 28/51 [expanded 161261 state(s)]
Best heuristic value: 23/41 [expanded 161265 state(s)]
Best heuristic value: 21/41 [expanded 161266 state(s)]
Best heuristic value: 15/23 [expanded 161354 state(s)]
Best heuristic value: 14/20 [expanded 161355 state(s)]
Best heuristic value: 7/10 [expanded 161358 state(s)]
Best heuristic value: 7/7 [expanded 755614 state(s)]
Solution found!
upgrade-robot basic advanced (40)
move-wood-at-table w4 pile raw natural advanced empty half-full (9)
upgrade-robot advanced expert (70)
move-wood-from-table w4 table raw natural expert half-full empty (6)
move-wood-at-table w3 pile raw natural expert empty half-full (6)
grabtool brush (2)
paint-wood w3 raw yellow expert (18)
paint-wood w4 raw blue expert (18)
laytool brush (2)
grabtool saw (2)
cut-wood w4 circle blue expert (12)
cut-wood w3 circle yellow expert (12)
laytool saw (2)
move-wood-from-table w4 finished-pile circle blue expert half-full empty (6)
move-wood-at-table w2 pile raw natural expert empty half-full (6)
move-wood-from-table w3 finished-pile circle yellow expert half-full empty (6)
move-wood-at-table w5 pile raw natural expert empty half-full (6)
move-wood-at-table w1 pile raw natural expert half-full full (6)
grabtool saw (2)
cut-wood w5 hexagon natural expert (12)
cut-wood w2 triangle natural expert (12)
cut-wood w1 hexagon natural expert (12)
laytool saw (2)
grabtool brush (2)
paint-wood w1 hexagon red expert (18)
paint-wood w2 triangle blue expert (18)
paint-wood w5 hexagon red expert (18)
laytool brush (2)
move-wood-from-table w2 finished-pile triangle blue expert full half-full (6)
move-wood-at-table w5 table hexagon red expert half-full full (6)
move-wood-from-table w1 finished-pile hexagon red expert full half-full (6)
move-wood-from-table w5 finished-pile hexagon red expert half-full empty (6)
Plan length: 32 step(s), cost: 351.
Expanded 755621 state(s).
Generated 11365610 state(s).
Search time: 435.42 seconds
Total time: 532.78 seconds
Search iteration 7
No more new weight, weight is 1
Using the following heuristic(s):
FF heuristic 
Landmark heuristic 
Initializing landmarks count heuristic...
Conducting weighted A* search, weight is 1, bound is 351.
Best heuristic value: 210/446 [expanded 1 state(s)]
Best heuristic value: 208/446 [expanded 2 state(s)]
Best heuristic value: 196/433 [expanded 4 state(s)]
Best heuristic value: 194/433 [expanded 5 state(s)]
Best heuristic value: 189/433 [expanded 7 state(s)]
Best heuristic value: 187/433 [expanded 8 state(s)]
Best heuristic value: 187/420 [expanded 103 state(s)]
Best heuristic value: 182/420 [expanded 106 state(s)]
Best heuristic value: 181/408 [expanded 231 state(s)]
Best heuristic value: 176/408 [expanded 234 state(s)]
Best heuristic value: 174/408 [expanded 235 state(s)]
Best heuristic value: 174/395 [expanded 468 state(s)]
Best heuristic value: 169/395 [expanded 471 state(s)]
Best heuristic value: 167/395 [expanded 917 state(s)]
Best heuristic value: 167/383 [expanded 1488 state(s)]
Best heuristic value: 167/331 [expanded 2027 state(s)]
Best heuristic value: 161/331 [expanded 2042 state(s)]
Best heuristic value: 161/321 [expanded 2208 state(s)]
Best heuristic value: 161/312 [expanded 2430 state(s)]
Best heuristic value: 161/302 [expanded 3013 state(s)]
Best heuristic value: 161/283 [expanded 4807 state(s)]
Best heuristic value: 156/283 [expanded 4814 state(s)]
Best heuristic value: 154/283 [expanded 4830 state(s)]
Best heuristic value: 154/273 [expanded 5615 state(s)]
Best heuristic value: 149/273 [expanded 5618 state(s)]
Best heuristic value: 149/264 [expanded 6766 state(s)]
Best heuristic value: 147/264 [expanded 6831 state(s)]
Best heuristic value: 147/254 [expanded 6928 state(s)]
Best heuristic value: 142/254 [expanded 6934 state(s)]
Best heuristic value: 140/254 [expanded 7152 state(s)]
Best heuristic value: 140/245 [expanded 7378 state(s)]
Best heuristic value: 136/245 [expanded 7386 state(s)]
Best heuristic value: 134/245 [expanded 7403 state(s)]
Best heuristic value: 134/235 [expanded 7627 state(s)]
Best heuristic value: 129/235 [expanded 7631 state(s)]
Best heuristic value: 127/235 [expanded 7974 state(s)]
Best heuristic value: 127/234 [expanded 19947 state(s)]
Best heuristic value: 127/225 [expanded 21544 state(s)]
Best heuristic value: 122/215 [expanded 21553 state(s)]
Best heuristic value: 120/215 [expanded 21554 state(s)]
Best heuristic value: 116/215 [expanded 30455 state(s)]
Best heuristic value: 114/215 [expanded 30471 state(s)]
Best heuristic value: 114/207 [expanded 42457 state(s)]
Best heuristic value: 114/197 [expanded 42461 state(s)]
Best heuristic value: 109/197 [expanded 42465 state(s)]
Best heuristic value: 107/197 [expanded 42491 state(s)]
Best heuristic value: 107/187 [expanded 42514 state(s)]
Best heuristic value: 102/177 [expanded 42518 state(s)]
Best heuristic value: 100/177 [expanded 42519 state(s)]
Best heuristic value: 96/177 [expanded 42717 state(s)]
Best heuristic value: 94/177 [expanded 42725 state(s)]
Best heuristic value: 94/168 [expanded 42809 state(s)]
Best heuristic value: 89/158 [expanded 42813 state(s)]
Best heuristic value: 87/158 [expanded 42814 state(s)]
Best heuristic value: 74/139 [expanded 43428 state(s)]
Best heuristic value: 61/120 [expanded 43443 state(s)]
Best heuristic value: 61/117 [expanded 43444 state(s)]
Best heuristic value: 54/101 [expanded 81019 state(s)]
Best heuristic value: 41/82 [expanded 81042 state(s)]
Best heuristic value: 41/79 [expanded 81043 state(s)]
Best heuristic value: 28/51 [expanded 161261 state(s)]
Best heuristic value: 23/41 [expanded 161265 state(s)]
Best heuristic value: 21/41 [expanded 161266 state(s)]
Best heuristic value: 21/32 [expanded 175897 state(s)]