1. Running translator
Parsing... [0.000s CPU, 0.016s wall-clock]
Instantiating...
Normalizing task... [0.000s CPU, 0.002s wall-clock]
Generating Datalog program... [0.000s CPU, 0.002s wall-clock]
Normalizing Datalog program...
Normalizing Datalog program: [0.000s CPU, 0.008s wall-clock]
Preparing model... [0.010s CPU, 0.003s wall-clock]
Generated 47 rules.
Computing model... [0.130s CPU, 0.193s wall-clock]
5505 relevant atoms
2128 auxiliary atoms
7633 final queue length
16641 total queue pushes
Completing instantiation... [0.500s CPU, 0.560s wall-clock]
Instantiating: [0.650s CPU, 0.788s wall-clock]
Computing fact groups...
Finding invariants... 11 initial candidates
[0.010s CPU, 0.020s wall-clock]
Checking invariant weight... [0.000s CPU, 0.000s wall-clock]
Instantiating groups... [0.010s CPU, 0.001s wall-clock]
Collecting mutex groups... [0.000s CPU, 0.000s wall-clock]
Choosing groups...
303 uncovered facts
Choosing groups: [0.000s CPU, 0.003s wall-clock]
Building translation key... [0.000s CPU, 0.001s wall-clock]
Computing fact groups: [0.020s CPU, 0.028s wall-clock]
Building STRIPS to SAS dictionary... [0.000s CPU, 0.001s wall-clock]
Building dictionary for full mutex groups... [0.000s CPU, 0.001s wall-clock]
Translating task...
Processing axioms...
Simplifying axioms... [0.000s CPU, 0.002s wall-clock]
Processing axioms: [0.020s CPU, 0.028s wall-clock]
Translating task: [0.280s CPU, 0.296s wall-clock]
1604 implied effects removed
0 effect conditions simplified
0 implied preconditions added
Building mutex information...
Building mutex information: [0.000s CPU, 0.003s wall-clock]
Detecting unreachable propositions...
164 operators removed
4 propositions removed
Detecting unreachable propositions: [0.060s CPU, 0.062s wall-clock]
Writing translation key... [0.000s CPU, 0.004s wall-clock]
Writing mutex key... [0.010s CPU, 0.006s wall-clock]
Writing output... [0.050s CPU, 0.073s wall-clock]
Done! [1.080s CPU, 1.312s wall-clock]
2. Running preprocessor
Building causal graph...
The causal graph is not acyclic.
322 variables of 322 necessary
4884 of 4884 operators necessary.
0 of 0 axiom rules necessary.
Building domain transition graphs...
solveable in poly time 0
Building successor generator...
Writing output...
done

3. Running search
Simplifying transitions... done!
Initializing HSP/FF heuristic...
Reading invariants from file...
done
Generating landmarks using the RPG/SAS+ approach
approx. reasonable orders
approx. obedient reasonable orders
Removed 0 reasonable or obedient reasonable orders
Generated 52 landmarks, of which 8 are disjunctive
          99 edges
26 initial landmarks, 6 goal landmarks
Landmarks generation time: 0.18 seconds
Search iteration 1
Using the following heuristic(s):
FF heuristic with preferred operators
Landmark heuristic with preferred operators
Initializing HSP/FF heuristic...
Initializing landmarks count heuristic...
Conducting best first search.
Best heuristic value: 250/534 [expanded 1 state(s)]
Best heuristic value: 248/534 [expanded 2 state(s)]
Best heuristic value: 236/521 [expanded 4 state(s)]
Best heuristic value: 234/521 [expanded 5 state(s)]
Best heuristic value: 221/496 [expanded 7 state(s)]
Best heuristic value: 208/459 [expanded 10 state(s)]
Best heuristic value: 203/459 [expanded 13 state(s)]
Best heuristic value: 201/459 [expanded 14 state(s)]
Best heuristic value: 188/422 [expanded 17 state(s)]
Best heuristic value: 175/397 [expanded 20 state(s)]
Best heuristic value: 170/371 [expanded 23 state(s)]
Best heuristic value: 168/371 [expanded 24 state(s)]
Best heuristic value: 163/371 [expanded 26 state(s)]
Best heuristic value: 161/371 [expanded 27 state(s)]
Best heuristic value: 148/334 [expanded 30 state(s)]
Best heuristic value: 135/309 [expanded 33 state(s)]
Best heuristic value: 130/283 [expanded 36 state(s)]
Best heuristic value: 128/283 [expanded 37 state(s)]
Best heuristic value: 123/283 [expanded 39 state(s)]
Best heuristic value: 121/283 [expanded 40 state(s)]
Best heuristic value: 108/246 [expanded 43 state(s)]
Best heuristic value: 95/221 [expanded 46 state(s)]
Best heuristic value: 90/195 [expanded 49 state(s)]
Best heuristic value: 88/195 [expanded 50 state(s)]
Best heuristic value: 83/195 [expanded 52 state(s)]
Best heuristic value: 81/195 [expanded 53 state(s)]
Best heuristic value: 81/182 [expanded 55 state(s)]
Best heuristic value: 68/158 [expanded 56 state(s)]
Best heuristic value: 55/133 [expanded 59 state(s)]
Best heuristic value: 50/107 [expanded 62 state(s)]
Best heuristic value: 48/107 [expanded 63 state(s)]
Best heuristic value: 43/94 [expanded 65 state(s)]
Best heuristic value: 41/94 [expanded 66 state(s)]
Best heuristic value: 28/69 [expanded 68 state(s)]
Best heuristic value: 28/66 [expanded 69 state(s)]
Best heuristic value: 23/53 [expanded 71 state(s)]
Best heuristic value: 21/53 [expanded 72 state(s)]
Best heuristic value: 8/16 [expanded 73 state(s)]
Best heuristic value: 7/13 [expanded 74 state(s)]
Solution found!
move-wood-at-table w6 pile raw natural basic empty half-full (12)
grabtool saw (2)
cut-wood w6 square natural basic (24)
laytool saw (2)
grabtool brush (2)
paint-wood w6 square blue basic (36)
laytool brush (2)
move-wood-at-table w2 pile raw natural basic half-full full (12)
grabtool brush (2)
paint-wood w2 raw blue basic (36)
laytool brush (2)
grabtool saw (2)
cut-wood w2 triangle blue basic (24)
laytool saw (2)
move-wood-from-table w6 finished-pile square blue basic full half-full (12)
move-wood-at-table w5 pile raw natural basic half-full full (12)
grabtool brush (2)
paint-wood w5 raw red basic (36)
laytool brush (2)
grabtool saw (2)
cut-wood w5 hexagon red basic (24)
laytool saw (2)
move-wood-from-table w5 finished-pile hexagon red basic full half-full (12)
move-wood-at-table w3 pile raw natural basic half-full full (12)
grabtool brush (2)
paint-wood w3 raw yellow basic (36)
laytool brush (2)
grabtool saw (2)
cut-wood w3 circle yellow basic (24)
laytool saw (2)
move-wood-from-table w3 finished-pile circle yellow basic full half-full (12)
move-wood-at-table w1 pile raw natural basic half-full full (12)
grabtool brush (2)
paint-wood w1 raw red basic (36)
laytool brush (2)
grabtool saw (2)
cut-wood w1 hexagon red basic (24)
laytool saw (2)
move-wood-from-table w1 finished-pile hexagon red basic full half-full (12)
move-wood-at-table w4 pile raw natural basic half-full full (12)
grabtool saw (2)
cut-wood w4 circle natural basic (24)
laytool saw (2)
move-wood-from-table w2 finished-pile triangle blue basic full half-full (12)
grabtool brush (2)
paint-wood w4 circle blue basic (36)
laytool brush (2)
move-wood-from-table w4 finished-pile circle blue basic half-full empty (12)
Plan length: 48 step(s), cost: 552.
Expanded 75 state(s).
Generated 450 state(s).
Search time: 0.04 seconds
Total time: 0.22 seconds
Search iteration 2
Using the following heuristic(s):
FF heuristic with preferred operators
Landmark heuristic with preferred operators
Initializing landmarks count heuristic...
Conducting weighted A* search, weight is 5, bound is 552.
Best heuristic value: 250/534 [expanded 1 state(s)]
Best heuristic value: 248/534 [expanded 2 state(s)]
Best heuristic value: 236/521 [expanded 4 state(s)]
Best heuristic value: 234/521 [expanded 5 state(s)]
Best heuristic value: 229/521 [expanded 7 state(s)]
Best heuristic value: 227/521 [expanded 8 state(s)]
Best heuristic value: 214/496 [expanded 22 state(s)]
Best heuristic value: 201/471 [expanded 27 state(s)]
Best heuristic value: 188/434 [expanded 32 state(s)]
Best heuristic value: 183/408 [expanded 35 state(s)]
Best heuristic value: 181/408 [expanded 36 state(s)]
Best heuristic value: 176/408 [expanded 38 state(s)]
Best heuristic value: 174/408 [expanded 39 state(s)]
Best heuristic value: 161/383 [expanded 50 state(s)]
Best heuristic value: 148/346 [expanded 55 state(s)]
Best heuristic value: 143/320 [expanded 58 state(s)]
Best heuristic value: 141/320 [expanded 59 state(s)]
Best heuristic value: 136/320 [expanded 61 state(s)]
Best heuristic value: 134/320 [expanded 62 state(s)]
Best heuristic value: 121/295 [expanded 70 state(s)]
Best heuristic value: 108/258 [expanded 75 state(s)]
Best heuristic value: 103/232 [expanded 78 state(s)]
Best heuristic value: 101/232 [expanded 79 state(s)]
Best heuristic value: 96/232 [expanded 81 state(s)]
Best heuristic value: 94/232 [expanded 82 state(s)]
Best heuristic value: 81/207 [expanded 87 state(s)]
Best heuristic value: 68/170 [expanded 92 state(s)]
Best heuristic value: 63/144 [expanded 95 state(s)]
Best heuristic value: 61/144 [expanded 96 state(s)]
Best heuristic value: 56/131 [expanded 98 state(s)]
Best heuristic value: 54/131 [expanded 99 state(s)]
Best heuristic value: 41/106 [expanded 101 state(s)]
Best heuristic value: 41/103 [expanded 102 state(s)]
Best heuristic value: 28/66 [expanded 104 state(s)]
Best heuristic value: 23/53 [expanded 106 state(s)]
Best heuristic value: 21/53 [expanded 107 state(s)]
Best heuristic value: 8/16 [expanded 108 state(s)]
Best heuristic value: 7/13 [expanded 109 state(s)]
Solution found!
move-wood-at-table w6 pile raw natural basic empty half-full (12)
move-wood-at-table w5 pile raw natural basic half-full full (12)
grabtool saw (2)
cut-wood w5 hexagon natural basic (24)
cut-wood w6 square natural basic (24)
laytool saw (2)
grabtool brush (2)
paint-wood w6 square blue basic (36)
laytool brush (2)
move-wood-from-table w6 finished-pile square blue basic full half-full (12)
move-wood-at-table w1 pile raw natural basic half-full full (12)
grabtool saw (2)
cut-wood w1 hexagon natural basic (24)
laytool saw (2)
grabtool brush (2)
paint-wood w5 hexagon red basic (36)
laytool brush (2)
move-wood-from-table w5 finished-pile hexagon red basic full half-full (12)
move-wood-at-table w3 pile raw natural basic half-full full (12)
grabtool saw (2)
cut-wood w3 circle natural basic (24)
laytool saw (2)
grabtool brush (2)
paint-wood w3 circle yellow basic (36)
laytool brush (2)
move-wood-from-table w3 finished-pile circle yellow basic full half-full (12)
move-wood-at-table w2 pile raw natural basic half-full full (12)
grabtool saw (2)
cut-wood w2 triangle natural basic (24)
laytool saw (2)
grabtool brush (2)
paint-wood w2 triangle blue basic (36)
laytool brush (2)
move-wood-from-table w2 finished-pile triangle blue basic full half-full (12)
move-wood-at-table w4 pile raw natural basic half-full full (12)
grabtool saw (2)
cut-wood w4 circle natural basic (24)
laytool saw (2)
grabtool brush (2)
paint-wood w1 hexagon red basic (36)
laytool brush (2)
move-wood-from-table w1 finished-pile hexagon red basic full half-full (12)
grabtool brush (2)
paint-wood w4 circle blue basic (36)
laytool brush (2)
move-wood-from-table w4 finished-pile circle blue basic half-full empty (12)
Plan length: 46 step(s), cost: 548.
Expanded 110 state(s).
Generated 789 state(s).
Search time: 0.06 seconds
Total time: 0.28 seconds
Search iteration 3
Using the following heuristic(s):
FF heuristic with preferred operators
Landmark heuristic with preferred operators
Initializing landmarks count heuristic...
Conducting weighted A* search, weight is 3, bound is 548.
Best heuristic value: 250/534 [expanded 1 state(s)]
Best heuristic value: 248/534 [expanded 2 state(s)]
Best heuristic value: 236/521 [expanded 4 state(s)]
Best heuristic value: 234/521 [expanded 5 state(s)]
Best heuristic value: 229/521 [expanded 7 state(s)]
Best heuristic value: 227/521 [expanded 8 state(s)]
Best heuristic value: 214/496 [expanded 22 state(s)]
Best heuristic value: 201/471 [expanded 27 state(s)]
Best heuristic value: 188/434 [expanded 33 state(s)]
Best heuristic value: 183/408 [expanded 36 state(s)]
Best heuristic value: 181/408 [expanded 37 state(s)]
Best heuristic value: 176/408 [expanded 39 state(s)]
Best heuristic value: 174/408 [expanded 40 state(s)]
Best heuristic value: 161/383 [expanded 51 state(s)]
Best heuristic value: 148/346 [expanded 75 state(s)]
Best heuristic value: 143/320 [expanded 78 state(s)]
Best heuristic value: 141/320 [expanded 79 state(s)]
Best heuristic value: 136/320 [expanded 81 state(s)]
Best heuristic value: 134/320 [expanded 82 state(s)]
Best heuristic value: 121/295 [expanded 90 state(s)]
Best heuristic value: 108/258 [expanded 108 state(s)]
Best heuristic value: 103/232 [expanded 111 state(s)]
Best heuristic value: 101/232 [expanded 112 state(s)]
Best heuristic value: 96/232 [expanded 114 state(s)]
Best heuristic value: 94/232 [expanded 115 state(s)]
Best heuristic value: 81/207 [expanded 120 state(s)]
Best heuristic value: 68/170 [expanded 132 state(s)]
Best heuristic value: 63/144 [expanded 135 state(s)]
Best heuristic value: 61/144 [expanded 136 state(s)]
Best heuristic value: 56/131 [expanded 138 state(s)]
Best heuristic value: 54/131 [expanded 139 state(s)]
Best heuristic value: 41/106 [expanded 141 state(s)]
Best heuristic value: 41/103 [expanded 142 state(s)]
Best heuristic value: 28/66 [expanded 144 state(s)]
Best heuristic value: 23/53 [expanded 146 state(s)]
Best heuristic value: 21/53 [expanded 147 state(s)]
Best heuristic value: 8/16 [expanded 148 state(s)]
Best heuristic value: 7/13 [expanded 149 state(s)]
Solution found!
move-wood-at-table w6 pile raw natural basic empty half-full (12)
move-wood-at-table w5 pile raw natural basic half-full full (12)
grabtool saw (2)
cut-wood w5 hexagon natural basic (24)
cut-wood w6 square natural basic (24)
laytool saw (2)
grabtool brush (2)
paint-wood w6 square blue basic (36)
laytool brush (2)
move-wood-from-table w6 finished-pile square blue basic full half-full (12)
move-wood-at-table w3 pile raw natural basic half-full full (12)
grabtool saw (2)
cut-wood w3 circle natural basic (24)
laytool saw (2)
grabtool brush (2)
paint-wood w3 circle yellow basic (36)
laytool brush (2)
move-wood-from-table w3 finished-pile circle yellow basic full half-full (12)
move-wood-at-table w1 pile raw natural basic half-full full (12)
grabtool saw (2)
cut-wood w1 hexagon natural basic (24)
laytool saw (2)
grabtool brush (2)
paint-wood w5 hexagon red basic (36)
laytool brush (2)
move-wood-from-table w5 finished-pile hexagon red basic full half-full (12)
move-wood-at-table w4 pile raw natural basic half-full full (12)
grabtool saw (2)
cut-wood w4 circle natural basic (24)
laytool saw (2)
grabtool brush (2)
paint-wood w1 hexagon red basic (36)
laytool brush (2)
move-wood-from-table w1 finished-pile hexagon red basic full half-full (12)
move-wood-at-table w2 pile raw natural basic half-full full (12)
grabtool saw (2)
cut-wood w2 triangle natural basic (24)
laytool saw (2)
grabtool brush (2)
paint-wood w2 triangle blue basic (36)
paint-wood w4 circle blue basic (36)
laytool brush (2)
move-wood-from-table w4 finished-pile circle blue basic full half-full (12)
move-wood-from-table w2 finished-pile triangle blue basic half-full empty (12)
Plan length: 44 step(s), cost: 544.
Expanded 153 state(s).
Generated 1048 state(s).
Search time: 0.06 seconds
Total time: 0.34 seconds
Search iteration 4
Using the following heuristic(s):
FF heuristic with preferred operators
Landmark heuristic with preferred operators
Initializing landmarks count heuristic...
Conducting weighted A* search, weight is 2, bound is 544.
Best heuristic value: 250/534 [expanded 1 state(s)]
Best heuristic value: 248/534 [expanded 2 state(s)]
Best heuristic value: 236/521 [expanded 4 state(s)]
Best heuristic value: 234/521 [expanded 5 state(s)]
Best heuristic value: 229/521 [expanded 7 state(s)]
Best heuristic value: 227/521 [expanded 8 state(s)]
Best heuristic value: 214/496 [expanded 40 state(s)]
Best heuristic value: 201/471 [expanded 45 state(s)]
Best heuristic value: 188/434 [expanded 553 state(s)]
Best heuristic value: 183/408 [expanded 556 state(s)]
Best heuristic value: 181/408 [expanded 557 state(s)]
Best heuristic value: 176/408 [expanded 559 state(s)]
Best heuristic value: 174/408 [expanded 560 state(s)]
Best heuristic value: 161/383 [expanded 571 state(s)]
Best heuristic value: 148/346 [expanded 2391 state(s)]
Best heuristic value: 143/320 [expanded 2395 state(s)]
Best heuristic value: 141/320 [expanded 2396 state(s)]
Best heuristic value: 136/320 [expanded 2399 state(s)]
Best heuristic value: 134/320 [expanded 2404 state(s)]
Best heuristic value: 121/295 [expanded 2413 state(s)]
Best heuristic value: 108/258 [expanded 2428 state(s)]
Best heuristic value: 103/232 [expanded 2433 state(s)]
Best heuristic value: 101/232 [expanded 2434 state(s)]
Best heuristic value: 96/232 [expanded 2439 state(s)]
Best heuristic value: 94/232 [expanded 2441 state(s)]
Best heuristic value: 81/207 [expanded 2448 state(s)]
Best heuristic value: 68/170 [expanded 2460 state(s)]
Best heuristic value: 63/144 [expanded 2464 state(s)]
Best heuristic value: 61/144 [expanded 2465 state(s)]
Best heuristic value: 56/131 [expanded 2470 state(s)]
Best heuristic value: 54/131 [expanded 2471 state(s)]
Best heuristic value: 41/106 [expanded 2475 state(s)]
Best heuristic value: 41/103 [expanded 2476 state(s)]
Best heuristic value: 28/66 [expanded 2480 state(s)]
Best heuristic value: 23/53 [expanded 2483 state(s)]
Best heuristic value: 21/53 [expanded 2484 state(s)]
Best heuristic value: 8/16 [expanded 2485 state(s)]
Best heuristic value: 7/13 [expanded 2486 state(s)]
Solution found!
move-wood-at-table w1 pile raw natural basic empty half-full (12)
move-wood-at-table w4 pile raw natural basic half-full full (12)
grabtool saw (2)
cut-wood w4 circle natural basic (24)
cut-wood w1 hexagon natural basic (24)
laytool saw (2)
grabtool brush (2)
paint-wood w4 circle blue basic (36)
laytool brush (2)
move-wood-from-table w4 finished-pile circle blue basic full half-full (12)
move-wood-at-table w3 pile raw natural basic half-full full (12)
grabtool saw (2)
cut-wood w3 circle natural basic (24)
laytool saw (2)
grabtool brush (2)
paint-wood w3 circle yellow basic (36)
laytool brush (2)
move-wood-from-table w3 finished-pile circle yellow basic full half-full (12)
move-wood-at-table w2 pile raw natural basic half-full full (12)
grabtool saw (2)
cut-wood w2 triangle natural basic (24)
laytool saw (2)
grabtool brush (2)
paint-wood w1 hexagon red basic (36)
laytool brush (2)
move-wood-from-table w1 finished-pile hexagon red basic full half-full (12)
grabtool brush (2)
paint-wood w2 triangle blue basic (36)
laytool brush (2)
move-wood-from-table w2 finished-pile triangle blue basic half-full empty (12)
move-wood-at-table w5 pile raw natural basic empty half-full (12)
move-wood-at-table w6 pile raw natural basic half-full full (12)
grabtool saw (2)
cut-wood w6 square natural basic (24)
cut-wood w5 hexagon natural basic (24)
laytool saw (2)
grabtool brush (2)
paint-wood w6 square blue basic (36)
paint-wood w5 hexagon red basic (36)
laytool brush (2)
move-wood-from-table w6 finished-pile square blue basic full half-full (12)
move-wood-from-table w5 finished-pile hexagon red basic half-full empty (12)
Plan length: 42 step(s), cost: 540.
Expanded 3236 state(s).
Generated 24576 state(s).
Search time: 1.7 seconds
Total time: 2.06 seconds
Search iteration 5
Using the following heuristic(s):
FF heuristic 
Landmark heuristic 
Initializing landmarks count heuristic...
Conducting weighted A* search, weight is 1, bound is 540.
Best heuristic value: 250/534 [expanded 1 state(s)]
Best heuristic value: 248/534 [expanded 2 state(s)]
Best heuristic value: 236/521 [expanded 4 state(s)]
Best heuristic value: 234/521 [expanded 5 state(s)]
Best heuristic value: 229/521 [expanded 7 state(s)]
Best heuristic value: 227/521 [expanded 8 state(s)]
Best heuristic value: 227/508 [expanded 109 state(s)]
Best heuristic value: 222/508 [expanded 118 state(s)]
Best heuristic value: 221/496 [expanded 245 state(s)]
Best heuristic value: 216/496 [expanded 248 state(s)]
Best heuristic value: 214/496 [expanded 249 state(s)]
Best heuristic value: 214/483 [expanded 573 state(s)]
Best heuristic value: 209/483 [expanded 579 state(s)]
Best heuristic value: 207/483 [expanded 1246 state(s)]
Best heuristic value: 207/471 [expanded 1875 state(s)]
Best heuristic value: 207/398 [expanded 2261 state(s)]
Best heuristic value: 201/398 [expanded 2281 state(s)]
Best heuristic value: 201/388 [expanded 2497 state(s)]
Best heuristic value: 201/379 [expanded 2909 state(s)]
Best heuristic value: 201/369 [expanded 3505 state(s)]
Best heuristic value: 201/350 [expanded 6308 state(s)]
Best heuristic value: 196/350 [expanded 6316 state(s)]
Best heuristic value: 194/350 [expanded 6338 state(s)]
Best heuristic value: 194/340 [expanded 7358 state(s)]
Best heuristic value: 189/340 [expanded 7361 state(s)]
Best heuristic value: 189/331 [expanded 9419 state(s)]
Best heuristic value: 187/331 [expanded 9462 state(s)]
Best heuristic value: 187/321 [expanded 9552 state(s)]
Best heuristic value: 182/321 [expanded 9558 state(s)]
Best heuristic value: 180/321 [expanded 9856 state(s)]
Best heuristic value: 180/312 [expanded 10031 state(s)]
Best heuristic value: 176/312 [expanded 10034 state(s)]
Best heuristic value: 174/312 [expanded 10046 state(s)]
Best heuristic value: 174/302 [expanded 10395 state(s)]
Best heuristic value: 169/302 [expanded 10399 state(s)]
Best heuristic value: 167/302 [expanded 10938 state(s)]
Best heuristic value: 167/292 [expanded 33459 state(s)]
Best heuristic value: 162/292 [expanded 33463 state(s)]
Best heuristic value: 160/292 [expanded 33637 state(s)]
Best heuristic value: 160/283 [expanded 49097 state(s)]
Best heuristic value: 156/283 [expanded 49102 state(s)]
Best heuristic value: 154/283 [expanded 49118 state(s)]
Best heuristic value: 154/274 [expanded 70589 state(s)]
Best heuristic value: 154/264 [expanded 70594 state(s)]
Best heuristic value: 149/264 [expanded 70601 state(s)]
Best heuristic value: 147/264 [expanded 70662 state(s)]
Best heuristic value: 147/254 [expanded 70765 state(s)]
Best heuristic value: 142/254 [expanded 70771 state(s)]
Best heuristic value: 140/254 [expanded 70930 state(s)]
Best heuristic value: 140/245 [expanded 71066 state(s)]
Best heuristic value: 136/245 [expanded 71071 state(s)]
Best heuristic value: 134/245 [expanded 71084 state(s)]
Best heuristic value: 134/235 [expanded 71367 state(s)]
Best heuristic value: 129/235 [expanded 71370 state(s)]
Best heuristic value: 127/235 [expanded 71618 state(s)]
Best heuristic value: 127/234 [expanded 71914 state(s)]
Best heuristic value: 121/216 [expanded 99382 state(s)]
Best heuristic value: 116/216 [expanded 99385 state(s)]
Best heuristic value: 114/216 [expanded 99395 state(s)]
Best heuristic value: 114/206 [expanded 99760 state(s)]
Best heuristic value: 109/196 [expanded 99766 state(s)]
Best heuristic value: 107/196 [expanded 99768 state(s)]
Best heuristic value: 107/187 [expanded 157265 state(s)]
Best heuristic value: 102/177 [expanded 157268 state(s)]
Best heuristic value: 100/177 [expanded 157269 state(s)]
Best heuristic value: 96/177 [expanded 157430 state(s)]
Best heuristic value: 94/177 [expanded 157441 state(s)]
Best heuristic value: 94/168 [expanded 157522 state(s)]
Best heuristic value: 89/158 [expanded 157525 state(s)]
Best heuristic value: 87/158 [expanded 157526 state(s)]
Best heuristic value: 74/139 [expanded 256534 state(s)]
Best heuristic value: 61/120 [expanded 256563 state(s)]
Best heuristic value: 61/117 [expanded 256564 state(s)]
Best heuristic value: 54/101 [expanded 395426 state(s)]
Best heuristic value: 41/82 [expanded 395446 state(s)]
Best heuristic value: 41/79 [expanded 395447 state(s)]
Best heuristic value: 28/51 [expanded 395764 state(s)]
Best heuristic value: 23/41 [expanded 395775 state(s)]
Best heuristic value: 21/41 [expanded 395776 state(s)]
Best heuristic value: 15/23 [expanded 395835 state(s)]
Best heuristic value: 14/20 [expanded 395836 state(s)]
Best heuristic value: 7/10 [expanded 395839 state(s)]
Solution found!
upgrade-robot basic advanced (40)
move-wood-at-table w5 pile raw natural advanced empty half-full (9)
move-wood-at-table w6 pile raw natural advanced half-full full (9)
grabtool brush (2)
paint-wood w6 raw blue advanced (27)
paint-wood w5 raw red advanced (27)
laytool brush (2)
grabtool saw (2)
cut-wood w6 square blue advanced (18)
cut-wood w5 hexagon red advanced (18)
laytool saw (2)
move-wood-from-table w6 finished-pile square blue advanced full half-full (9)
move-wood-from-table w5 finished-pile hexagon red advanced half-full empty (9)
move-wood-at-table w2 pile raw natural advanced empty half-full (9)
grabtool brush (2)
paint-wood w2 raw blue advanced (27)
laytool brush (2)
move-wood-at-table w1 pile raw natural advanced half-full full (9)
grabtool saw (2)
cut-wood w2 triangle blue advanced (18)
cut-wood w1 hexagon natural advanced (18)
laytool saw (2)
move-wood-from-table w2 finished-pile triangle blue advanced full half-full (9)
grabtool brush (2)
paint-wood w1 hexagon red advanced (27)
laytool brush (2)
move-wood-from-table w1 finished-pile hexagon red advanced half-full empty (9)
move-wood-at-table w3 pile raw natural advanced empty half-full (9)
move-wood-at-table w4 pile raw natural advanced half-full full (9)
grabtool saw (2)
cut-wood w3 circle natural advanced (18)
cut-wood w4 circle natural advanced (18)
laytool saw (2)
grabtool brush (2)
paint-wood w3 circle yellow advanced (27)
paint-wood w4 circle blue advanced (27)
laytool brush (2)
move-wood-from-table w3 finished-pile circle yellow advanced full half-full (9)
move-wood-from-table w4 finished-pile circle blue advanced half-full empty (9)
Plan length: 39 step(s), cost: 446.
Expanded 395850 state(s).
Generated 5653440 state(s).
Search time: 225.46 seconds
Total time: 227.52 seconds
Search iteration 6
No more new weight, weight is 1
Using the following heuristic(s):
FF heuristic 
Landmark heuristic 
Initializing landmarks count heuristic...
Conducting weighted A* search, weight is 1, bound is 446.
Best heuristic value: 250/534 [expanded 1 state(s)]
Best heuristic value: 248/534 [expanded 2 state(s)]
Best heuristic value: 236/521 [expanded 4 state(s)]
Best heuristic value: 234/521 [expanded 5 state(s)]
Best heuristic value: 229/521 [expanded 7 state(s)]
Best heuristic value: 227/521 [expanded 8 state(s)]
Best heuristic value: 227/508 [expanded 109 state(s)]
Best heuristic value: 222/508 [expanded 118 state(s)]
Best heuristic value: 221/496 [expanded 245 state(s)]
Best heuristic value: 216/496 [expanded 248 state(s)]
Best heuristic value: 214/496 [expanded 249 state(s)]
Best heuristic value: 214/483 [expanded 573 state(s)]
Best heuristic value: 209/483 [expanded 579 state(s)]
Best heuristic value: 207/483 [expanded 1246 state(s)]
Best heuristic value: 207/471 [expanded 1875 state(s)]
Best heuristic value: 207/398 [expanded 2261 state(s)]
Best heuristic value: 201/398 [expanded 2281 state(s)]
Best heuristic value: 201/388 [expanded 2497 state(s)]
Best heuristic value: 201/379 [expanded 2909 state(s)]
Best heuristic value: 201/369 [expanded 3505 state(s)]
Best heuristic value: 201/350 [expanded 6308 state(s)]
Best heuristic value: 196/350 [expanded 6316 state(s)]
Best heuristic value: 194/350 [expanded 6338 state(s)]
Best heuristic value: 194/340 [expanded 7358 state(s)]
Best heuristic value: 189/340 [expanded 7361 state(s)]
Best heuristic value: 189/331 [expanded 9419 state(s)]
Best heuristic value: 187/331 [expanded 9462 state(s)]
Best heuristic value: 187/321 [expanded 9552 state(s)]
Best heuristic value: 182/321 [expanded 9558 state(s)]
Best heuristic value: 180/321 [expanded 9856 state(s)]
Best heuristic value: 180/312 [expanded 10031 state(s)]
Best heuristic value: 176/312 [expanded 10034 state(s)]
Best heuristic value: 174/312 [expanded 10046 state(s)]
Best heuristic value: 174/302 [expanded 10395 state(s)]
Best heuristic value: 169/302 [expanded 10399 state(s)]
Best heuristic value: 167/302 [expanded 10938 state(s)]
Best heuristic value: 167/292 [expanded 33459 state(s)]
Best heuristic value: 162/292 [expanded 33463 state(s)]
Best heuristic value: 160/292 [expanded 33637 state(s)]
Best heuristic value: 160/283 [expanded 49097 state(s)]
Best heuristic value: 156/283 [expanded 49102 state(s)]
Best heuristic value: 154/283 [expanded 49118 state(s)]
Best heuristic value: 154/274 [expanded 70589 state(s)]
Best heuristic value: 154/264 [expanded 70594 state(s)]
Best heuristic value: 149/264 [expanded 70601 state(s)]
Best heuristic value: 147/264 [expanded 70662 state(s)]
Best heuristic value: 147/254 [expanded 70765 state(s)]
Best heuristic value: 142/254 [expanded 70771 state(s)]
Best heuristic value: 140/254 [expanded 70930 state(s)]
Best heuristic value: 140/245 [expanded 71066 state(s)]
Best heuristic value: 136/245 [expanded 71071 state(s)]
Best heuristic value: 134/245 [expanded 71084 state(s)]
Best heuristic value: 134/235 [expanded 71367 state(s)]
Best heuristic value: 129/235 [expanded 71370 state(s)]
Best heuristic value: 127/235 [expanded 71618 state(s)]
Best heuristic value: 127/234 [expanded 71914 state(s)]
Best heuristic value: 121/216 [expanded 99382 state(s)]
Best heuristic value: 116/216 [expanded 99385 state(s)]
Best heuristic value: 114/216 [expanded 99395 state(s)]
Best heuristic value: 114/206 [expanded 99760 state(s)]
Best heuristic value: 109/196 [expanded 99766 state(s)]
Best heuristic value: 107/196 [expanded 99768 state(s)]
Best heuristic value: 107/187 [expanded 157265 state(s)]
Best heuristic value: 102/177 [expanded 157268 state(s)]
Best heuristic value: 100/177 [expanded 157269 state(s)]
Best heuristic value: 96/177 [expanded 157430 state(s)]
Best heuristic value: 94/177 [expanded 157441 state(s)]
Best heuristic value: 94/168 [expanded 157522 state(s)]
Best heuristic value: 89/158 [expanded 157525 state(s)]
Best heuristic value: 87/158 [expanded 157526 state(s)]
Best heuristic value: 74/139 [expanded 256534 state(s)]
Best heuristic value: 61/120 [expanded 256563 state(s)]
Best heuristic value: 61/117 [expanded 256564 state(s)]
Best heuristic value: 54/101 [expanded 395426 state(s)]
Best heuristic value: 41/82 [expanded 395446 state(s)]
Best heuristic value: 41/79 [expanded 395447 state(s)]
Best heuristic value: 28/51 [expanded 395764 state(s)]
Best heuristic value: 23/41 [expanded 395775 state(s)]
Best heuristic value: 21/41 [expanded 395776 state(s)]
Best heuristic value: 15/23 [expanded 395835 state(s)]
Best heuristic value: 14/20 [expanded 395836 state(s)]
Best heuristic value: 7/10 [expanded 395839 state(s)]
